nohup: ignoring input
[0m[1mmodule.ecr.aws_ecr_repository.repos["redis"]: Refreshing state... [id=production/redis][0m
[0m[1mmodule.ecr.aws_ecr_repository.repos["kma-api"]: Refreshing state... [id=production/kma-api][0m
[0m[1mmodule.ecr.aws_ecr_repository.repos["energy-api"]: Refreshing state... [id=production/energy-api][0m
[0m[1mmodule.ecr.aws_ecr_repository.repos["web-v2-dashboard"]: Refreshing state... [id=production/web-v2-dashboard][0m
[0m[1mmodule.ecr.aws_ecr_repository.repos["dr-worker"]: Refreshing state... [id=production/dr-worker][0m
[0m[1mmodule.ecr.aws_ecr_repository.repos["ai-rag"]: Refreshing state... [id=production/ai-rag][0m
[0m[1mmodule.ecr.aws_ecr_repository.repos["auth-chat-api"]: Refreshing state... [id=production/auth-chat-api][0m
[0m[1mmodule.s3.aws_s3_bucket.dr_backup: Refreshing state... [id=dr-dr-backup-ap-northeast-2][0m
[0m[1mmodule.s3.aws_s3_bucket_versioning.versioning: Refreshing state... [id=dr-dr-backup-ap-northeast-2][0m
[0m[1mmodule.s3.aws_s3_bucket_public_access_block.block: Refreshing state... [id=dr-dr-backup-ap-northeast-2][0m
[0m[1mmodule.s3.aws_s3_bucket_server_side_encryption_configuration.encryption: Refreshing state... [id=dr-dr-backup-ap-northeast-2][0m
[0m[1mmodule.ecr.aws_ecr_lifecycle_policy.repo_policy["kma-api"]: Refreshing state... [id=production/kma-api][0m
[0m[1mmodule.ecr.aws_ecr_lifecycle_policy.repo_policy["redis"]: Refreshing state... [id=production/redis][0m
[0m[1mmodule.ecr.aws_ecr_lifecycle_policy.repo_policy["ai-rag"]: Refreshing state... [id=production/ai-rag][0m
[0m[1mmodule.ecr.aws_ecr_lifecycle_policy.repo_policy["dr-worker"]: Refreshing state... [id=production/dr-worker][0m
[0m[1mmodule.ecr.aws_ecr_lifecycle_policy.repo_policy["energy-api"]: Refreshing state... [id=production/energy-api][0m
[0m[1mmodule.ecr.aws_ecr_lifecycle_policy.repo_policy["web-v2-dashboard"]: Refreshing state... [id=production/web-v2-dashboard][0m
[0m[1mmodule.ecr.aws_ecr_lifecycle_policy.repo_policy["auth-chat-api"]: Refreshing state... [id=production/auth-chat-api][0m

Terraform used the selected providers to generate the following execution
plan. Resource actions are indicated with the following symbols:
  [31m-[0m destroy[0m

Terraform will perform the following actions:

[1m  # module.ecr.aws_ecr_lifecycle_policy.repo_policy["ai-rag"][0m will be [1m[31mdestroyed[0m
[0m  [31m-[0m[0m resource "aws_ecr_lifecycle_policy" "repo_policy" {
      [31m-[0m[0m id          = "production/ai-rag" [90m-> null[0m[0m
      [31m-[0m[0m policy      = jsonencode(
            {
              [31m-[0m[0m rules = [
                  [31m-[0m[0m {
                      [31m-[0m[0m action       = {
                          [31m-[0m[0m type = "expire"
                        }
                      [31m-[0m[0m description  = "Keep last 10 images"
                      [31m-[0m[0m rulePriority = 1
                      [31m-[0m[0m selection    = {
                          [31m-[0m[0m countNumber = 10
                          [31m-[0m[0m countType   = "imageCountMoreThan"
                          [31m-[0m[0m tagStatus   = "any"
                        }
                    },
                ]
            }
        ) [90m-> null[0m[0m
      [31m-[0m[0m registry_id = "368352028691" [90m-> null[0m[0m
      [31m-[0m[0m repository  = "production/ai-rag" [90m-> null[0m[0m
    }

[1m  # module.ecr.aws_ecr_lifecycle_policy.repo_policy["auth-chat-api"][0m will be [1m[31mdestroyed[0m
[0m  [31m-[0m[0m resource "aws_ecr_lifecycle_policy" "repo_policy" {
      [31m-[0m[0m id          = "production/auth-chat-api" [90m-> null[0m[0m
      [31m-[0m[0m policy      = jsonencode(
            {
              [31m-[0m[0m rules = [
                  [31m-[0m[0m {
                      [31m-[0m[0m action       = {
                          [31m-[0m[0m type = "expire"
                        }
                      [31m-[0m[0m description  = "Keep last 10 images"
                      [31m-[0m[0m rulePriority = 1
                      [31m-[0m[0m selection    = {
                          [31m-[0m[0m countNumber = 10
                          [31m-[0m[0m countType   = "imageCountMoreThan"
                          [31m-[0m[0m tagStatus   = "any"
                        }
                    },
                ]
            }
        ) [90m-> null[0m[0m
      [31m-[0m[0m registry_id = "368352028691" [90m-> null[0m[0m
      [31m-[0m[0m repository  = "production/auth-chat-api" [90m-> null[0m[0m
    }

[1m  # module.ecr.aws_ecr_lifecycle_policy.repo_policy["dr-worker"][0m will be [1m[31mdestroyed[0m
[0m  [31m-[0m[0m resource "aws_ecr_lifecycle_policy" "repo_policy" {
      [31m-[0m[0m id          = "production/dr-worker" [90m-> null[0m[0m
      [31m-[0m[0m policy      = jsonencode(
            {
              [31m-[0m[0m rules = [
                  [31m-[0m[0m {
                      [31m-[0m[0m action       = {
                          [31m-[0m[0m type = "expire"
                        }
                      [31m-[0m[0m description  = "Keep last 10 images"
                      [31m-[0m[0m rulePriority = 1
                      [31m-[0m[0m selection    = {
                          [31m-[0m[0m countNumber = 10
                          [31m-[0m[0m countType   = "imageCountMoreThan"
                          [31m-[0m[0m tagStatus   = "any"
                        }
                    },
                ]
            }
        ) [90m-> null[0m[0m
      [31m-[0m[0m registry_id = "368352028691" [90m-> null[0m[0m
      [31m-[0m[0m repository  = "production/dr-worker" [90m-> null[0m[0m
    }

[1m  # module.ecr.aws_ecr_lifecycle_policy.repo_policy["energy-api"][0m will be [1m[31mdestroyed[0m
[0m  [31m-[0m[0m resource "aws_ecr_lifecycle_policy" "repo_policy" {
      [31m-[0m[0m id          = "production/energy-api" [90m-> null[0m[0m
      [31m-[0m[0m policy      = jsonencode(
            {
              [31m-[0m[0m rules = [
                  [31m-[0m[0m {
                      [31m-[0m[0m action       = {
                          [31m-[0m[0m type = "expire"
                        }
                      [31m-[0m[0m description  = "Keep last 10 images"
                      [31m-[0m[0m rulePriority = 1
                      [31m-[0m[0m selection    = {
                          [31m-[0m[0m countNumber = 10
                          [31m-[0m[0m countType   = "imageCountMoreThan"
                          [31m-[0m[0m tagStatus   = "any"
                        }
                    },
                ]
            }
        ) [90m-> null[0m[0m
      [31m-[0m[0m registry_id = "368352028691" [90m-> null[0m[0m
      [31m-[0m[0m repository  = "production/energy-api" [90m-> null[0m[0m
    }

[1m  # module.ecr.aws_ecr_lifecycle_policy.repo_policy["kma-api"][0m will be [1m[31mdestroyed[0m
[0m  [31m-[0m[0m resource "aws_ecr_lifecycle_policy" "repo_policy" {
      [31m-[0m[0m id          = "production/kma-api" [90m-> null[0m[0m
      [31m-[0m[0m policy      = jsonencode(
            {
              [31m-[0m[0m rules = [
                  [31m-[0m[0m {
                      [31m-[0m[0m action       = {
                          [31m-[0m[0m type = "expire"
                        }
                      [31m-[0m[0m description  = "Keep last 10 images"
                      [31m-[0m[0m rulePriority = 1
                      [31m-[0m[0m selection    = {
                          [31m-[0m[0m countNumber = 10
                          [31m-[0m[0m countType   = "imageCountMoreThan"
                          [31m-[0m[0m tagStatus   = "any"
                        }
                    },
                ]
            }
        ) [90m-> null[0m[0m
      [31m-[0m[0m registry_id = "368352028691" [90m-> null[0m[0m
      [31m-[0m[0m repository  = "production/kma-api" [90m-> null[0m[0m
    }

[1m  # module.ecr.aws_ecr_lifecycle_policy.repo_policy["redis"][0m will be [1m[31mdestroyed[0m
[0m  [31m-[0m[0m resource "aws_ecr_lifecycle_policy" "repo_policy" {
      [31m-[0m[0m id          = "production/redis" [90m-> null[0m[0m
      [31m-[0m[0m policy      = jsonencode(
            {
              [31m-[0m[0m rules = [
                  [31m-[0m[0m {
                      [31m-[0m[0m action       = {
                          [31m-[0m[0m type = "expire"
                        }
                      [31m-[0m[0m description  = "Keep last 10 images"
                      [31m-[0m[0m rulePriority = 1
                      [31m-[0m[0m selection    = {
                          [31m-[0m[0m countNumber = 10
                          [31m-[0m[0m countType   = "imageCountMoreThan"
                          [31m-[0m[0m tagStatus   = "any"
                        }
                    },
                ]
            }
        ) [90m-> null[0m[0m
      [31m-[0m[0m registry_id = "368352028691" [90m-> null[0m[0m
      [31m-[0m[0m repository  = "production/redis" [90m-> null[0m[0m
    }

[1m  # module.ecr.aws_ecr_lifecycle_policy.repo_policy["web-v2-dashboard"][0m will be [1m[31mdestroyed[0m
[0m  [31m-[0m[0m resource "aws_ecr_lifecycle_policy" "repo_policy" {
      [31m-[0m[0m id          = "production/web-v2-dashboard" [90m-> null[0m[0m
      [31m-[0m[0m policy      = jsonencode(
            {
              [31m-[0m[0m rules = [
                  [31m-[0m[0m {
                      [31m-[0m[0m action       = {
                          [31m-[0m[0m type = "expire"
                        }
                      [31m-[0m[0m description  = "Keep last 10 images"
                      [31m-[0m[0m rulePriority = 1
                      [31m-[0m[0m selection    = {
                          [31m-[0m[0m countNumber = 10
                          [31m-[0m[0m countType   = "imageCountMoreThan"
                          [31m-[0m[0m tagStatus   = "any"
                        }
                    },
                ]
            }
        ) [90m-> null[0m[0m
      [31m-[0m[0m registry_id = "368352028691" [90m-> null[0m[0m
      [31m-[0m[0m repository  = "production/web-v2-dashboard" [90m-> null[0m[0m
    }

[1m  # module.ecr.aws_ecr_repository.repos["ai-rag"][0m will be [1m[31mdestroyed[0m
[0m  [31m-[0m[0m resource "aws_ecr_repository" "repos" {
      [31m-[0m[0m arn                  = "arn:aws:ecr:ap-northeast-2:368352028691:repository/production/ai-rag" [90m-> null[0m[0m
      [31m-[0m[0m id                   = "production/ai-rag" [90m-> null[0m[0m
      [31m-[0m[0m image_tag_mutability = "MUTABLE" [90m-> null[0m[0m
      [31m-[0m[0m name                 = "production/ai-rag" [90m-> null[0m[0m
      [31m-[0m[0m registry_id          = "368352028691" [90m-> null[0m[0m
      [31m-[0m[0m repository_url       = "368352028691.dkr.ecr.ap-northeast-2.amazonaws.com/production/ai-rag" [90m-> null[0m[0m
      [31m-[0m[0m tags                 = {
          [31m-[0m[0m "Environment" = "dr"
          [31m-[0m[0m "Name"        = "production-ai-rag"
        } [90m-> null[0m[0m
      [31m-[0m[0m tags_all             = {
          [31m-[0m[0m "Environment" = "dr"
          [31m-[0m[0m "Name"        = "production-ai-rag"
        } [90m-> null[0m[0m

      [31m-[0m[0m encryption_configuration {
          [31m-[0m[0m encryption_type = "AES256" [90m-> null[0m[0m
            [90m# (1 unchanged attribute hidden)[0m[0m
        }

      [31m-[0m[0m image_scanning_configuration {
          [31m-[0m[0m scan_on_push = true [90m-> null[0m[0m
        }
    }

[1m  # module.ecr.aws_ecr_repository.repos["auth-chat-api"][0m will be [1m[31mdestroyed[0m
[0m  [31m-[0m[0m resource "aws_ecr_repository" "repos" {
      [31m-[0m[0m arn                  = "arn:aws:ecr:ap-northeast-2:368352028691:repository/production/auth-chat-api" [90m-> null[0m[0m
      [31m-[0m[0m id                   = "production/auth-chat-api" [90m-> null[0m[0m
      [31m-[0m[0m image_tag_mutability = "MUTABLE" [90m-> null[0m[0m
      [31m-[0m[0m name                 = "production/auth-chat-api" [90m-> null[0m[0m
      [31m-[0m[0m registry_id          = "368352028691" [90m-> null[0m[0m
      [31m-[0m[0m repository_url       = "368352028691.dkr.ecr.ap-northeast-2.amazonaws.com/production/auth-chat-api" [90m-> null[0m[0m
      [31m-[0m[0m tags                 = {
          [31m-[0m[0m "Environment" = "dr"
          [31m-[0m[0m "Name"        = "production-auth-chat-api"
        } [90m-> null[0m[0m
      [31m-[0m[0m tags_all             = {
          [31m-[0m[0m "Environment" = "dr"
          [31m-[0m[0m "Name"        = "production-auth-chat-api"
        } [90m-> null[0m[0m

      [31m-[0m[0m encryption_configuration {
          [31m-[0m[0m encryption_type = "AES256" [90m-> null[0m[0m
            [90m# (1 unchanged attribute hidden)[0m[0m
        }

      [31m-[0m[0m image_scanning_configuration {
          [31m-[0m[0m scan_on_push = true [90m-> null[0m[0m
        }
    }

[1m  # module.ecr.aws_ecr_repository.repos["dr-worker"][0m will be [1m[31mdestroyed[0m
[0m  [31m-[0m[0m resource "aws_ecr_repository" "repos" {
      [31m-[0m[0m arn                  = "arn:aws:ecr:ap-northeast-2:368352028691:repository/production/dr-worker" [90m-> null[0m[0m
      [31m-[0m[0m id                   = "production/dr-worker" [90m-> null[0m[0m
      [31m-[0m[0m image_tag_mutability = "MUTABLE" [90m-> null[0m[0m
      [31m-[0m[0m name                 = "production/dr-worker" [90m-> null[0m[0m
      [31m-[0m[0m registry_id          = "368352028691" [90m-> null[0m[0m
      [31m-[0m[0m repository_url       = "368352028691.dkr.ecr.ap-northeast-2.amazonaws.com/production/dr-worker" [90m-> null[0m[0m
      [31m-[0m[0m tags                 = {
          [31m-[0m[0m "Environment" = "dr"
          [31m-[0m[0m "Name"        = "production-dr-worker"
        } [90m-> null[0m[0m
      [31m-[0m[0m tags_all             = {
          [31m-[0m[0m "Environment" = "dr"
          [31m-[0m[0m "Name"        = "production-dr-worker"
        } [90m-> null[0m[0m

      [31m-[0m[0m encryption_configuration {
          [31m-[0m[0m encryption_type = "AES256" [90m-> null[0m[0m
            [90m# (1 unchanged attribute hidden)[0m[0m
        }

      [31m-[0m[0m image_scanning_configuration {
          [31m-[0m[0m scan_on_push = true [90m-> null[0m[0m
        }
    }

[1m  # module.ecr.aws_ecr_repository.repos["energy-api"][0m will be [1m[31mdestroyed[0m
[0m  [31m-[0m[0m resource "aws_ecr_repository" "repos" {
      [31m-[0m[0m arn                  = "arn:aws:ecr:ap-northeast-2:368352028691:repository/production/energy-api" [90m-> null[0m[0m
      [31m-[0m[0m id                   = "production/energy-api" [90m-> null[0m[0m
      [31m-[0m[0m image_tag_mutability = "MUTABLE" [90m-> null[0m[0m
      [31m-[0m[0m name                 = "production/energy-api" [90m-> null[0m[0m
      [31m-[0m[0m registry_id          = "368352028691" [90m-> null[0m[0m
      [31m-[0m[0m repository_url       = "368352028691.dkr.ecr.ap-northeast-2.amazonaws.com/production/energy-api" [90m-> null[0m[0m
      [31m-[0m[0m tags                 = {
          [31m-[0m[0m "Environment" = "dr"
          [31m-[0m[0m "Name"        = "production-energy-api"
        } [90m-> null[0m[0m
      [31m-[0m[0m tags_all             = {
          [31m-[0m[0m "Environment" = "dr"
          [31m-[0m[0m "Name"        = "production-energy-api"
        } [90m-> null[0m[0m

      [31m-[0m[0m encryption_configuration {
          [31m-[0m[0m encryption_type = "AES256" [90m-> null[0m[0m
            [90m# (1 unchanged attribute hidden)[0m[0m
        }

      [31m-[0m[0m image_scanning_configuration {
          [31m-[0m[0m scan_on_push = true [90m-> null[0m[0m
        }
    }

[1m  # module.ecr.aws_ecr_repository.repos["kma-api"][0m will be [1m[31mdestroyed[0m
[0m  [31m-[0m[0m resource "aws_ecr_repository" "repos" {
      [31m-[0m[0m arn                  = "arn:aws:ecr:ap-northeast-2:368352028691:repository/production/kma-api" [90m-> null[0m[0m
      [31m-[0m[0m id                   = "production/kma-api" [90m-> null[0m[0m
      [31m-[0m[0m image_tag_mutability = "MUTABLE" [90m-> null[0m[0m
      [31m-[0m[0m name                 = "production/kma-api" [90m-> null[0m[0m
      [31m-[0m[0m registry_id          = "368352028691" [90m-> null[0m[0m
      [31m-[0m[0m repository_url       = "368352028691.dkr.ecr.ap-northeast-2.amazonaws.com/production/kma-api" [90m-> null[0m[0m
      [31m-[0m[0m tags                 = {
          [31m-[0m[0m "Environment" = "dr"
          [31m-[0m[0m "Name"        = "production-kma-api"
        } [90m-> null[0m[0m
      [31m-[0m[0m tags_all             = {
          [31m-[0m[0m "Environment" = "dr"
          [31m-[0m[0m "Name"        = "production-kma-api"
        } [90m-> null[0m[0m

      [31m-[0m[0m encryption_configuration {
          [31m-[0m[0m encryption_type = "AES256" [90m-> null[0m[0m
            [90m# (1 unchanged attribute hidden)[0m[0m
        }

      [31m-[0m[0m image_scanning_configuration {
          [31m-[0m[0m scan_on_push = true [90m-> null[0m[0m
        }
    }

[1m  # module.ecr.aws_ecr_repository.repos["redis"][0m will be [1m[31mdestroyed[0m
[0m  [31m-[0m[0m resource "aws_ecr_repository" "repos" {
      [31m-[0m[0m arn                  = "arn:aws:ecr:ap-northeast-2:368352028691:repository/production/redis" [90m-> null[0m[0m
      [31m-[0m[0m id                   = "production/redis" [90m-> null[0m[0m
      [31m-[0m[0m image_tag_mutability = "MUTABLE" [90m-> null[0m[0m
      [31m-[0m[0m name                 = "production/redis" [90m-> null[0m[0m
      [31m-[0m[0m registry_id          = "368352028691" [90m-> null[0m[0m
      [31m-[0m[0m repository_url       = "368352028691.dkr.ecr.ap-northeast-2.amazonaws.com/production/redis" [90m-> null[0m[0m
      [31m-[0m[0m tags                 = {
          [31m-[0m[0m "Environment" = "dr"
          [31m-[0m[0m "Name"        = "production-redis"
        } [90m-> null[0m[0m
      [31m-[0m[0m tags_all             = {
          [31m-[0m[0m "Environment" = "dr"
          [31m-[0m[0m "Name"        = "production-redis"
        } [90m-> null[0m[0m

      [31m-[0m[0m encryption_configuration {
          [31m-[0m[0m encryption_type = "AES256" [90m-> null[0m[0m
            [90m# (1 unchanged attribute hidden)[0m[0m
        }

      [31m-[0m[0m image_scanning_configuration {
          [31m-[0m[0m scan_on_push = true [90m-> null[0m[0m
        }
    }

[1m  # module.ecr.aws_ecr_repository.repos["web-v2-dashboard"][0m will be [1m[31mdestroyed[0m
[0m  [31m-[0m[0m resource "aws_ecr_repository" "repos" {
      [31m-[0m[0m arn                  = "arn:aws:ecr:ap-northeast-2:368352028691:repository/production/web-v2-dashboard" [90m-> null[0m[0m
      [31m-[0m[0m id                   = "production/web-v2-dashboard" [90m-> null[0m[0m
      [31m-[0m[0m image_tag_mutability = "MUTABLE" [90m-> null[0m[0m
      [31m-[0m[0m name                 = "production/web-v2-dashboard" [90m-> null[0m[0m
      [31m-[0m[0m registry_id          = "368352028691" [90m-> null[0m[0m
      [31m-[0m[0m repository_url       = "368352028691.dkr.ecr.ap-northeast-2.amazonaws.com/production/web-v2-dashboard" [90m-> null[0m[0m
      [31m-[0m[0m tags                 = {
          [31m-[0m[0m "Environment" = "dr"
          [31m-[0m[0m "Name"        = "production-web-v2-dashboard"
        } [90m-> null[0m[0m
      [31m-[0m[0m tags_all             = {
          [31m-[0m[0m "Environment" = "dr"
          [31m-[0m[0m "Name"        = "production-web-v2-dashboard"
        } [90m-> null[0m[0m

      [31m-[0m[0m encryption_configuration {
          [31m-[0m[0m encryption_type = "AES256" [90m-> null[0m[0m
            [90m# (1 unchanged attribute hidden)[0m[0m
        }

      [31m-[0m[0m image_scanning_configuration {
          [31m-[0m[0m scan_on_push = true [90m-> null[0m[0m
        }
    }

[1mPlan:[0m [0m0 to add, 0 to change, 14 to destroy.

Changes to Outputs:
  [31m-[0m[0m ecr_repository_arns = {
      [31m-[0m[0m ai-rag           = "arn:aws:ecr:ap-northeast-2:368352028691:repository/production/ai-rag"
      [31m-[0m[0m auth-chat-api    = "arn:aws:ecr:ap-northeast-2:368352028691:repository/production/auth-chat-api"
      [31m-[0m[0m dr-worker        = "arn:aws:ecr:ap-northeast-2:368352028691:repository/production/dr-worker"
      [31m-[0m[0m energy-api       = "arn:aws:ecr:ap-northeast-2:368352028691:repository/production/energy-api"
      [31m-[0m[0m kma-api          = "arn:aws:ecr:ap-northeast-2:368352028691:repository/production/kma-api"
      [31m-[0m[0m redis            = "arn:aws:ecr:ap-northeast-2:368352028691:repository/production/redis"
      [31m-[0m[0m web-v2-dashboard = "arn:aws:ecr:ap-northeast-2:368352028691:repository/production/web-v2-dashboard"
    } [90m-> null[0m[0m
  [31m-[0m[0m ecr_repository_urls = {
      [31m-[0m[0m ai-rag           = "368352028691.dkr.ecr.ap-northeast-2.amazonaws.com/production/ai-rag"
      [31m-[0m[0m auth-chat-api    = "368352028691.dkr.ecr.ap-northeast-2.amazonaws.com/production/auth-chat-api"
      [31m-[0m[0m dr-worker        = "368352028691.dkr.ecr.ap-northeast-2.amazonaws.com/production/dr-worker"
      [31m-[0m[0m energy-api       = "368352028691.dkr.ecr.ap-northeast-2.amazonaws.com/production/energy-api"
      [31m-[0m[0m kma-api          = "368352028691.dkr.ecr.ap-northeast-2.amazonaws.com/production/kma-api"
      [31m-[0m[0m redis            = "368352028691.dkr.ecr.ap-northeast-2.amazonaws.com/production/redis"
      [31m-[0m[0m web-v2-dashboard = "368352028691.dkr.ecr.ap-northeast-2.amazonaws.com/production/web-v2-dashboard"
    } [90m-> null[0m[0m
  [31m-[0m[0m s3_bucket_arn       = "arn:aws:s3:::dr-dr-backup-ap-northeast-2" [90m-> null[0m[0m
  [31m-[0m[0m s3_bucket_id        = "dr-dr-backup-ap-northeast-2" [90m-> null[0m[0m
[0m[1mmodule.ecr.aws_ecr_lifecycle_policy.repo_policy["dr-worker"]: Destroying... [id=production/dr-worker][0m[0m
[0m[1mmodule.ecr.aws_ecr_lifecycle_policy.repo_policy["web-v2-dashboard"]: Destroying... [id=production/web-v2-dashboard][0m[0m
[0m[1mmodule.ecr.aws_ecr_lifecycle_policy.repo_policy["ai-rag"]: Destroying... [id=production/ai-rag][0m[0m
[0m[1mmodule.ecr.aws_ecr_lifecycle_policy.repo_policy["redis"]: Destroying... [id=production/redis][0m[0m
[0m[1mmodule.ecr.aws_ecr_lifecycle_policy.repo_policy["energy-api"]: Destroying... [id=production/energy-api][0m[0m
[0m[1mmodule.ecr.aws_ecr_lifecycle_policy.repo_policy["kma-api"]: Destroying... [id=production/kma-api][0m[0m
[0m[1mmodule.ecr.aws_ecr_lifecycle_policy.repo_policy["auth-chat-api"]: Destroying... [id=production/auth-chat-api][0m[0m
[0m[1mmodule.ecr.aws_ecr_lifecycle_policy.repo_policy["energy-api"]: Destruction complete after 1s[0m
[0m[1mmodule.ecr.aws_ecr_lifecycle_policy.repo_policy["web-v2-dashboard"]: Destruction complete after 1s[0m
[0m[1mmodule.ecr.aws_ecr_lifecycle_policy.repo_policy["kma-api"]: Destruction complete after 1s[0m
[0m[1mmodule.ecr.aws_ecr_lifecycle_policy.repo_policy["redis"]: Destruction complete after 1s[0m
[0m[1mmodule.ecr.aws_ecr_lifecycle_policy.repo_policy["auth-chat-api"]: Destruction complete after 1s[0m
[0m[1mmodule.ecr.aws_ecr_lifecycle_policy.repo_policy["ai-rag"]: Destruction complete after 1s[0m
[0m[1mmodule.ecr.aws_ecr_lifecycle_policy.repo_policy["dr-worker"]: Destruction complete after 1s[0m
[0m[1mmodule.ecr.aws_ecr_repository.repos["kma-api"]: Destroying... [id=production/kma-api][0m[0m
[0m[1mmodule.ecr.aws_ecr_repository.repos["ai-rag"]: Destroying... [id=production/ai-rag][0m[0m
[0m[1mmodule.ecr.aws_ecr_repository.repos["energy-api"]: Destroying... [id=production/energy-api][0m[0m
[0m[1mmodule.ecr.aws_ecr_repository.repos["web-v2-dashboard"]: Destroying... [id=production/web-v2-dashboard][0m[0m
[0m[1mmodule.ecr.aws_ecr_repository.repos["auth-chat-api"]: Destroying... [id=production/auth-chat-api][0m[0m
[0m[1mmodule.ecr.aws_ecr_repository.repos["dr-worker"]: Destroying... [id=production/dr-worker][0m[0m
[0m[1mmodule.ecr.aws_ecr_repository.repos["redis"]: Destroying... [id=production/redis][0m[0m
[31m╷[0m[0m
[31m│[0m [0m[1m[31mError: [0m[0m[1mECR Repository (production/ai-rag) not empty, consider using force_delete: operation error ECR: DeleteRepository, https response error StatusCode: 400, RequestID: 51344ba9-f40c-4e0c-a7fb-f013f660331d, RepositoryNotEmptyException: The repository with name 'production/ai-rag' in registry with id '368352028691' cannot be deleted because it still contains images[0m
[31m│[0m [0m
[31m│[0m [0m[0m
[31m╵[0m[0m
[31m╷[0m[0m
[31m│[0m [0m[1m[31mError: [0m[0m[1mECR Repository (production/dr-worker) not empty, consider using force_delete: operation error ECR: DeleteRepository, https response error StatusCode: 400, RequestID: 818fd6ba-156c-4fac-8729-da050c7e3f06, RepositoryNotEmptyException: The repository with name 'production/dr-worker' in registry with id '368352028691' cannot be deleted because it still contains images[0m
[31m│[0m [0m
[31m│[0m [0m[0m
[31m╵[0m[0m
[31m╷[0m[0m
[31m│[0m [0m[1m[31mError: [0m[0m[1mECR Repository (production/web-v2-dashboard) not empty, consider using force_delete: operation error ECR: DeleteRepository, https response error StatusCode: 400, RequestID: 09602512-c6b9-4f86-8438-8df84a488402, RepositoryNotEmptyException: The repository with name 'production/web-v2-dashboard' in registry with id '368352028691' cannot be deleted because it still contains images[0m
[31m│[0m [0m
[31m│[0m [0m[0m
[31m╵[0m[0m
[31m╷[0m[0m
[31m│[0m [0m[1m[31mError: [0m[0m[1mECR Repository (production/auth-chat-api) not empty, consider using force_delete: operation error ECR: DeleteRepository, https response error StatusCode: 400, RequestID: 30a4d7b7-e3bb-42a6-af19-547082815a2f, RepositoryNotEmptyException: The repository with name 'production/auth-chat-api' in registry with id '368352028691' cannot be deleted because it still contains images[0m
[31m│[0m [0m
[31m│[0m [0m[0m
[31m╵[0m[0m
[31m╷[0m[0m
[31m│[0m [0m[1m[31mError: [0m[0m[1mECR Repository (production/energy-api) not empty, consider using force_delete: operation error ECR: DeleteRepository, https response error StatusCode: 400, RequestID: be1adbb9-700d-44de-9bec-5842bf29ed86, RepositoryNotEmptyException: The repository with name 'production/energy-api' in registry with id '368352028691' cannot be deleted because it still contains images[0m
[31m│[0m [0m
[31m│[0m [0m[0m
[31m╵[0m[0m
[31m╷[0m[0m
[31m│[0m [0m[1m[31mError: [0m[0m[1mECR Repository (production/kma-api) not empty, consider using force_delete: operation error ECR: DeleteRepository, https response error StatusCode: 400, RequestID: bcc7ff63-efdb-49fe-8055-46527ee88ac9, RepositoryNotEmptyException: The repository with name 'production/kma-api' in registry with id '368352028691' cannot be deleted because it still contains images[0m
[31m│[0m [0m
[31m│[0m [0m[0m
[31m╵[0m[0m
[31m╷[0m[0m
[31m│[0m [0m[1m[31mError: [0m[0m[1mECR Repository (production/redis) not empty, consider using force_delete: operation error ECR: DeleteRepository, https response error StatusCode: 400, RequestID: be3b241e-1d7a-488a-ad52-2dac45c93722, RepositoryNotEmptyException: The repository with name 'production/redis' in registry with id '368352028691' cannot be deleted because it still contains images[0m
[31m│[0m [0m
[31m│[0m [0m[0m
[31m╵[0m[0m
