nohup: ignoring input
[0m[1mmodule.vpc.null_resource.validate: Refreshing state... [id=277250300903373517][0m
[0m[1mmodule.vpc.aws_vpc.this: Refreshing state... [id=vpc-0bcd864f7d7d725d0][0m
[0m[1mmodule.vpc.aws_eip.nat[0]: Refreshing state... [id=eipalloc-0c809f44edafdd766][0m
[0m[1mmodule.vpc.aws_subnet.public[0]: Refreshing state... [id=subnet-00aba0d34ab1fc596][0m
[0m[1mmodule.vpc.aws_subnet.private[1]: Refreshing state... [id=subnet-04a81974355bf26bf][0m
[0m[1mmodule.vpc.aws_route_table.public: Refreshing state... [id=rtb-075aee0d65ab2aa71][0m
[0m[1mmodule.vpc.aws_route_table.private[1]: Refreshing state... [id=rtb-07769d08973058248][0m
[0m[1mmodule.vpc.aws_route_table.private[0]: Refreshing state... [id=rtb-00d7f36160ccd2b30][0m
[0m[1mmodule.vpc.aws_subnet.public[1]: Refreshing state... [id=subnet-09901647701b1e761][0m
[0m[1mmodule.vpc.aws_internet_gateway.this: Refreshing state... [id=igw-02ab6677e08440c90][0m
[0m[1mmodule.vpc.aws_subnet.private[0]: Refreshing state... [id=subnet-090077dfabe273ca0][0m
[0m[1mmodule.vpc.aws_route.public_igw: Refreshing state... [id=r-rtb-075aee0d65ab2aa711080289494][0m
[0m[1mmodule.vpc.aws_route_table_association.private[0]: Refreshing state... [id=rtbassoc-098f953567202bcfa][0m
[0m[1mmodule.vpc.aws_route_table_association.private[1]: Refreshing state... [id=rtbassoc-0773134a352b4d5e3][0m
[0m[1mmodule.vpc.aws_route_table_association.public[0]: Refreshing state... [id=rtbassoc-0ce927682e8afb3de][0m
[0m[1mmodule.vpc.aws_nat_gateway.this[0]: Refreshing state... [id=nat-053a5d214afdbc142][0m
[0m[1mmodule.vpc.aws_route_table_association.public[1]: Refreshing state... [id=rtbassoc-0558357da472fb68a][0m
[0m[1mmodule.vpc.aws_route.private_nat[1]: Refreshing state... [id=r-rtb-07769d089730582481080289494][0m
[0m[1mmodule.vpc.aws_route.private_nat[0]: Refreshing state... [id=r-rtb-00d7f36160ccd2b301080289494][0m

Terraform used the selected providers to generate the following execution
plan. Resource actions are indicated with the following symbols:
  [31m-[0m destroy[0m

Terraform will perform the following actions:

[1m  # module.vpc.aws_eip.nat[0][0m will be [1m[31mdestroyed[0m
[0m  [31m-[0m[0m resource "aws_eip" "nat" {
      [31m-[0m[0m allocation_id            = "eipalloc-0c809f44edafdd766" [90m-> null[0m[0m
      [31m-[0m[0m arn                      = "arn:aws:ec2:ap-northeast-2:368352028691:elastic-ip/eipalloc-0c809f44edafdd766" [90m-> null[0m[0m
      [31m-[0m[0m association_id           = "eipassoc-0ba1d0a83909a1f22" [90m-> null[0m[0m
      [31m-[0m[0m domain                   = "vpc" [90m-> null[0m[0m
      [31m-[0m[0m id                       = "eipalloc-0c809f44edafdd766" [90m-> null[0m[0m
      [31m-[0m[0m network_border_group     = "ap-northeast-2" [90m-> null[0m[0m
      [31m-[0m[0m network_interface        = "eni-0c3e9f679141931ff" [90m-> null[0m[0m
      [31m-[0m[0m private_dns              = "ip-10-10-1-222.ap-northeast-2.compute.internal" [90m-> null[0m[0m
      [31m-[0m[0m private_ip               = "10.10.1.222" [90m-> null[0m[0m
      [31m-[0m[0m public_dns               = "ec2-43-201-131-157.ap-northeast-2.compute.amazonaws.com" [90m-> null[0m[0m
      [31m-[0m[0m public_ip                = "43.201.131.157" [90m-> null[0m[0m
      [31m-[0m[0m public_ipv4_pool         = "amazon" [90m-> null[0m[0m
      [31m-[0m[0m tags                     = {
          [31m-[0m[0m "Name" = "terraform-dr-eip-nat-0"
        } [90m-> null[0m[0m
      [31m-[0m[0m tags_all                 = {
          [31m-[0m[0m "Name" = "terraform-dr-eip-nat-0"
        } [90m-> null[0m[0m
      [31m-[0m[0m vpc                      = true [90m-> null[0m[0m
        [90m# (5 unchanged attributes hidden)[0m[0m
    }

[1m  # module.vpc.aws_internet_gateway.this[0m will be [1m[31mdestroyed[0m
[0m  [31m-[0m[0m resource "aws_internet_gateway" "this" {
      [31m-[0m[0m arn      = "arn:aws:ec2:ap-northeast-2:368352028691:internet-gateway/igw-02ab6677e08440c90" [90m-> null[0m[0m
      [31m-[0m[0m id       = "igw-02ab6677e08440c90" [90m-> null[0m[0m
      [31m-[0m[0m owner_id = "368352028691" [90m-> null[0m[0m
      [31m-[0m[0m tags     = {
          [31m-[0m[0m "Name" = "terraform-dr-igw"
        } [90m-> null[0m[0m
      [31m-[0m[0m tags_all = {
          [31m-[0m[0m "Name" = "terraform-dr-igw"
        } [90m-> null[0m[0m
      [31m-[0m[0m vpc_id   = "vpc-0bcd864f7d7d725d0" [90m-> null[0m[0m
    }

[1m  # module.vpc.aws_nat_gateway.this[0][0m will be [1m[31mdestroyed[0m
[0m  [31m-[0m[0m resource "aws_nat_gateway" "this" {
      [31m-[0m[0m allocation_id                      = "eipalloc-0c809f44edafdd766" [90m-> null[0m[0m
      [31m-[0m[0m association_id                     = "eipassoc-0ba1d0a83909a1f22" [90m-> null[0m[0m
      [31m-[0m[0m connectivity_type                  = "public" [90m-> null[0m[0m
      [31m-[0m[0m id                                 = "nat-053a5d214afdbc142" [90m-> null[0m[0m
      [31m-[0m[0m network_interface_id               = "eni-0c3e9f679141931ff" [90m-> null[0m[0m
      [31m-[0m[0m private_ip                         = "10.10.1.222" [90m-> null[0m[0m
      [31m-[0m[0m public_ip                          = "43.201.131.157" [90m-> null[0m[0m
      [31m-[0m[0m secondary_allocation_ids           = [] [90m-> null[0m[0m
      [31m-[0m[0m secondary_private_ip_address_count = 0 [90m-> null[0m[0m
      [31m-[0m[0m secondary_private_ip_addresses     = [] [90m-> null[0m[0m
      [31m-[0m[0m subnet_id                          = "subnet-00aba0d34ab1fc596" [90m-> null[0m[0m
      [31m-[0m[0m tags                               = {
          [31m-[0m[0m "Name" = "terraform-dr-nat-0"
        } [90m-> null[0m[0m
      [31m-[0m[0m tags_all                           = {
          [31m-[0m[0m "Name" = "terraform-dr-nat-0"
        } [90m-> null[0m[0m
    }

[1m  # module.vpc.aws_route.private_nat[0][0m will be [1m[31mdestroyed[0m
[0m  [31m-[0m[0m resource "aws_route" "private_nat" {
      [31m-[0m[0m destination_cidr_block      = "0.0.0.0/0" [90m-> null[0m[0m
      [31m-[0m[0m id                          = "r-rtb-00d7f36160ccd2b301080289494" [90m-> null[0m[0m
      [31m-[0m[0m nat_gateway_id              = "nat-053a5d214afdbc142" [90m-> null[0m[0m
      [31m-[0m[0m origin                      = "CreateRoute" [90m-> null[0m[0m
      [31m-[0m[0m route_table_id              = "rtb-00d7f36160ccd2b30" [90m-> null[0m[0m
      [31m-[0m[0m state                       = "active" [90m-> null[0m[0m
        [90m# (13 unchanged attributes hidden)[0m[0m
    }

[1m  # module.vpc.aws_route.private_nat[1][0m will be [1m[31mdestroyed[0m
[0m  [31m-[0m[0m resource "aws_route" "private_nat" {
      [31m-[0m[0m destination_cidr_block      = "0.0.0.0/0" [90m-> null[0m[0m
      [31m-[0m[0m id                          = "r-rtb-07769d089730582481080289494" [90m-> null[0m[0m
      [31m-[0m[0m nat_gateway_id              = "nat-053a5d214afdbc142" [90m-> null[0m[0m
      [31m-[0m[0m origin                      = "CreateRoute" [90m-> null[0m[0m
      [31m-[0m[0m route_table_id              = "rtb-07769d08973058248" [90m-> null[0m[0m
      [31m-[0m[0m state                       = "active" [90m-> null[0m[0m
        [90m# (13 unchanged attributes hidden)[0m[0m
    }

[1m  # module.vpc.aws_route.public_igw[0m will be [1m[31mdestroyed[0m
[0m  [31m-[0m[0m resource "aws_route" "public_igw" {
      [31m-[0m[0m destination_cidr_block      = "0.0.0.0/0" [90m-> null[0m[0m
      [31m-[0m[0m gateway_id                  = "igw-02ab6677e08440c90" [90m-> null[0m[0m
      [31m-[0m[0m id                          = "r-rtb-075aee0d65ab2aa711080289494" [90m-> null[0m[0m
      [31m-[0m[0m origin                      = "CreateRoute" [90m-> null[0m[0m
      [31m-[0m[0m route_table_id              = "rtb-075aee0d65ab2aa71" [90m-> null[0m[0m
      [31m-[0m[0m state                       = "active" [90m-> null[0m[0m
        [90m# (13 unchanged attributes hidden)[0m[0m
    }

[1m  # module.vpc.aws_route_table.private[0][0m will be [1m[31mdestroyed[0m
[0m  [31m-[0m[0m resource "aws_route_table" "private" {
      [31m-[0m[0m arn              = "arn:aws:ec2:ap-northeast-2:368352028691:route-table/rtb-00d7f36160ccd2b30" [90m-> null[0m[0m
      [31m-[0m[0m id               = "rtb-00d7f36160ccd2b30" [90m-> null[0m[0m
      [31m-[0m[0m owner_id         = "368352028691" [90m-> null[0m[0m
      [31m-[0m[0m propagating_vgws = [] [90m-> null[0m[0m
      [31m-[0m[0m route            = [
          [31m-[0m[0m {
              [31m-[0m[0m cidr_block                 = "0.0.0.0/0"
              [31m-[0m[0m nat_gateway_id             = "nat-053a5d214afdbc142"
                [90m# (11 unchanged attributes hidden)[0m[0m
            },
        ] [90m-> null[0m[0m
      [31m-[0m[0m tags             = {
          [31m-[0m[0m "Name" = "terraform-dr-rt-private-ap-northeast-2a"
        } [90m-> null[0m[0m
      [31m-[0m[0m tags_all         = {
          [31m-[0m[0m "Name" = "terraform-dr-rt-private-ap-northeast-2a"
        } [90m-> null[0m[0m
      [31m-[0m[0m vpc_id           = "vpc-0bcd864f7d7d725d0" [90m-> null[0m[0m
    }

[1m  # module.vpc.aws_route_table.private[1][0m will be [1m[31mdestroyed[0m
[0m  [31m-[0m[0m resource "aws_route_table" "private" {
      [31m-[0m[0m arn              = "arn:aws:ec2:ap-northeast-2:368352028691:route-table/rtb-07769d08973058248" [90m-> null[0m[0m
      [31m-[0m[0m id               = "rtb-07769d08973058248" [90m-> null[0m[0m
      [31m-[0m[0m owner_id         = "368352028691" [90m-> null[0m[0m
      [31m-[0m[0m propagating_vgws = [] [90m-> null[0m[0m
      [31m-[0m[0m route            = [
          [31m-[0m[0m {
              [31m-[0m[0m cidr_block                 = "0.0.0.0/0"
              [31m-[0m[0m nat_gateway_id             = "nat-053a5d214afdbc142"
                [90m# (11 unchanged attributes hidden)[0m[0m
            },
        ] [90m-> null[0m[0m
      [31m-[0m[0m tags             = {
          [31m-[0m[0m "Name" = "terraform-dr-rt-private-ap-northeast-2c"
        } [90m-> null[0m[0m
      [31m-[0m[0m tags_all         = {
          [31m-[0m[0m "Name" = "terraform-dr-rt-private-ap-northeast-2c"
        } [90m-> null[0m[0m
      [31m-[0m[0m vpc_id           = "vpc-0bcd864f7d7d725d0" [90m-> null[0m[0m
    }

[1m  # module.vpc.aws_route_table.public[0m will be [1m[31mdestroyed[0m
[0m  [31m-[0m[0m resource "aws_route_table" "public" {
      [31m-[0m[0m arn              = "arn:aws:ec2:ap-northeast-2:368352028691:route-table/rtb-075aee0d65ab2aa71" [90m-> null[0m[0m
      [31m-[0m[0m id               = "rtb-075aee0d65ab2aa71" [90m-> null[0m[0m
      [31m-[0m[0m owner_id         = "368352028691" [90m-> null[0m[0m
      [31m-[0m[0m propagating_vgws = [] [90m-> null[0m[0m
      [31m-[0m[0m route            = [
          [31m-[0m[0m {
              [31m-[0m[0m cidr_block                 = "0.0.0.0/0"
              [31m-[0m[0m gateway_id                 = "igw-02ab6677e08440c90"
                [90m# (11 unchanged attributes hidden)[0m[0m
            },
        ] [90m-> null[0m[0m
      [31m-[0m[0m tags             = {
          [31m-[0m[0m "Name" = "terraform-dr-rt-public"
        } [90m-> null[0m[0m
      [31m-[0m[0m tags_all         = {
          [31m-[0m[0m "Name" = "terraform-dr-rt-public"
        } [90m-> null[0m[0m
      [31m-[0m[0m vpc_id           = "vpc-0bcd864f7d7d725d0" [90m-> null[0m[0m
    }

[1m  # module.vpc.aws_route_table_association.private[0][0m will be [1m[31mdestroyed[0m
[0m  [31m-[0m[0m resource "aws_route_table_association" "private" {
      [31m-[0m[0m id             = "rtbassoc-098f953567202bcfa" [90m-> null[0m[0m
      [31m-[0m[0m route_table_id = "rtb-00d7f36160ccd2b30" [90m-> null[0m[0m
      [31m-[0m[0m subnet_id      = "subnet-090077dfabe273ca0" [90m-> null[0m[0m
        [90m# (1 unchanged attribute hidden)[0m[0m
    }

[1m  # module.vpc.aws_route_table_association.private[1][0m will be [1m[31mdestroyed[0m
[0m  [31m-[0m[0m resource "aws_route_table_association" "private" {
      [31m-[0m[0m id             = "rtbassoc-0773134a352b4d5e3" [90m-> null[0m[0m
      [31m-[0m[0m route_table_id = "rtb-07769d08973058248" [90m-> null[0m[0m
      [31m-[0m[0m subnet_id      = "subnet-04a81974355bf26bf" [90m-> null[0m[0m
        [90m# (1 unchanged attribute hidden)[0m[0m
    }

[1m  # module.vpc.aws_route_table_association.public[0][0m will be [1m[31mdestroyed[0m
[0m  [31m-[0m[0m resource "aws_route_table_association" "public" {
      [31m-[0m[0m id             = "rtbassoc-0ce927682e8afb3de" [90m-> null[0m[0m
      [31m-[0m[0m route_table_id = "rtb-075aee0d65ab2aa71" [90m-> null[0m[0m
      [31m-[0m[0m subnet_id      = "subnet-00aba0d34ab1fc596" [90m-> null[0m[0m
        [90m# (1 unchanged attribute hidden)[0m[0m
    }

[1m  # module.vpc.aws_route_table_association.public[1][0m will be [1m[31mdestroyed[0m
[0m  [31m-[0m[0m resource "aws_route_table_association" "public" {
      [31m-[0m[0m id             = "rtbassoc-0558357da472fb68a" [90m-> null[0m[0m
      [31m-[0m[0m route_table_id = "rtb-075aee0d65ab2aa71" [90m-> null[0m[0m
      [31m-[0m[0m subnet_id      = "subnet-09901647701b1e761" [90m-> null[0m[0m
        [90m# (1 unchanged attribute hidden)[0m[0m
    }

[1m  # module.vpc.aws_subnet.private[0][0m will be [1m[31mdestroyed[0m
[0m  [31m-[0m[0m resource "aws_subnet" "private" {
      [31m-[0m[0m arn                                            = "arn:aws:ec2:ap-northeast-2:368352028691:subnet/subnet-090077dfabe273ca0" [90m-> null[0m[0m
      [31m-[0m[0m assign_ipv6_address_on_creation                = false [90m-> null[0m[0m
      [31m-[0m[0m availability_zone                              = "ap-northeast-2a" [90m-> null[0m[0m
      [31m-[0m[0m availability_zone_id                           = "apne2-az1" [90m-> null[0m[0m
      [31m-[0m[0m cidr_block                                     = "10.10.10.0/24" [90m-> null[0m[0m
      [31m-[0m[0m enable_dns64                                   = false [90m-> null[0m[0m
      [31m-[0m[0m enable_lni_at_device_index                     = 0 [90m-> null[0m[0m
      [31m-[0m[0m enable_resource_name_dns_a_record_on_launch    = false [90m-> null[0m[0m
      [31m-[0m[0m enable_resource_name_dns_aaaa_record_on_launch = false [90m-> null[0m[0m
      [31m-[0m[0m id                                             = "subnet-090077dfabe273ca0" [90m-> null[0m[0m
      [31m-[0m[0m ipv6_native                                    = false [90m-> null[0m[0m
      [31m-[0m[0m map_customer_owned_ip_on_launch                = false [90m-> null[0m[0m
      [31m-[0m[0m map_public_ip_on_launch                        = false [90m-> null[0m[0m
      [31m-[0m[0m owner_id                                       = "368352028691" [90m-> null[0m[0m
      [31m-[0m[0m private_dns_hostname_type_on_launch            = "ip-name" [90m-> null[0m[0m
      [31m-[0m[0m tags                                           = {
          [31m-[0m[0m "Name" = "terraform-dr-private-ap-northeast-2a"
        } [90m-> null[0m[0m
      [31m-[0m[0m tags_all                                       = {
          [31m-[0m[0m "Name" = "terraform-dr-private-ap-northeast-2a"
        } [90m-> null[0m[0m
      [31m-[0m[0m vpc_id                                         = "vpc-0bcd864f7d7d725d0" [90m-> null[0m[0m
        [90m# (4 unchanged attributes hidden)[0m[0m
    }

[1m  # module.vpc.aws_subnet.private[1][0m will be [1m[31mdestroyed[0m
[0m  [31m-[0m[0m resource "aws_subnet" "private" {
      [31m-[0m[0m arn                                            = "arn:aws:ec2:ap-northeast-2:368352028691:subnet/subnet-04a81974355bf26bf" [90m-> null[0m[0m
      [31m-[0m[0m assign_ipv6_address_on_creation                = false [90m-> null[0m[0m
      [31m-[0m[0m availability_zone                              = "ap-northeast-2c" [90m-> null[0m[0m
      [31m-[0m[0m availability_zone_id                           = "apne2-az3" [90m-> null[0m[0m
      [31m-[0m[0m cidr_block                                     = "10.10.11.0/24" [90m-> null[0m[0m
      [31m-[0m[0m enable_dns64                                   = false [90m-> null[0m[0m
      [31m-[0m[0m enable_lni_at_device_index                     = 0 [90m-> null[0m[0m
      [31m-[0m[0m enable_resource_name_dns_a_record_on_launch    = false [90m-> null[0m[0m
      [31m-[0m[0m enable_resource_name_dns_aaaa_record_on_launch = false [90m-> null[0m[0m
      [31m-[0m[0m id                                             = "subnet-04a81974355bf26bf" [90m-> null[0m[0m
      [31m-[0m[0m ipv6_native                                    = false [90m-> null[0m[0m
      [31m-[0m[0m map_customer_owned_ip_on_launch                = false [90m-> null[0m[0m
      [31m-[0m[0m map_public_ip_on_launch                        = false [90m-> null[0m[0m
      [31m-[0m[0m owner_id                                       = "368352028691" [90m-> null[0m[0m
      [31m-[0m[0m private_dns_hostname_type_on_launch            = "ip-name" [90m-> null[0m[0m
      [31m-[0m[0m tags                                           = {
          [31m-[0m[0m "Name" = "terraform-dr-private-ap-northeast-2c"
        } [90m-> null[0m[0m
      [31m-[0m[0m tags_all                                       = {
          [31m-[0m[0m "Name" = "terraform-dr-private-ap-northeast-2c"
        } [90m-> null[0m[0m
      [31m-[0m[0m vpc_id                                         = "vpc-0bcd864f7d7d725d0" [90m-> null[0m[0m
        [90m# (4 unchanged attributes hidden)[0m[0m
    }

[1m  # module.vpc.aws_subnet.public[0][0m will be [1m[31mdestroyed[0m
[0m  [31m-[0m[0m resource "aws_subnet" "public" {
      [31m-[0m[0m arn                                            = "arn:aws:ec2:ap-northeast-2:368352028691:subnet/subnet-00aba0d34ab1fc596" [90m-> null[0m[0m
      [31m-[0m[0m assign_ipv6_address_on_creation                = false [90m-> null[0m[0m
      [31m-[0m[0m availability_zone                              = "ap-northeast-2a" [90m-> null[0m[0m
      [31m-[0m[0m availability_zone_id                           = "apne2-az1" [90m-> null[0m[0m
      [31m-[0m[0m cidr_block                                     = "10.10.1.0/24" [90m-> null[0m[0m
      [31m-[0m[0m enable_dns64                                   = false [90m-> null[0m[0m
      [31m-[0m[0m enable_lni_at_device_index                     = 0 [90m-> null[0m[0m
      [31m-[0m[0m enable_resource_name_dns_a_record_on_launch    = false [90m-> null[0m[0m
      [31m-[0m[0m enable_resource_name_dns_aaaa_record_on_launch = false [90m-> null[0m[0m
      [31m-[0m[0m id                                             = "subnet-00aba0d34ab1fc596" [90m-> null[0m[0m
      [31m-[0m[0m ipv6_native                                    = false [90m-> null[0m[0m
      [31m-[0m[0m map_customer_owned_ip_on_launch                = false [90m-> null[0m[0m
      [31m-[0m[0m map_public_ip_on_launch                        = true [90m-> null[0m[0m
      [31m-[0m[0m owner_id                                       = "368352028691" [90m-> null[0m[0m
      [31m-[0m[0m private_dns_hostname_type_on_launch            = "ip-name" [90m-> null[0m[0m
      [31m-[0m[0m tags                                           = {
          [31m-[0m[0m "Name" = "terraform-dr-public-ap-northeast-2a"
        } [90m-> null[0m[0m
      [31m-[0m[0m tags_all                                       = {
          [31m-[0m[0m "Name" = "terraform-dr-public-ap-northeast-2a"
        } [90m-> null[0m[0m
      [31m-[0m[0m vpc_id                                         = "vpc-0bcd864f7d7d725d0" [90m-> null[0m[0m
        [90m# (4 unchanged attributes hidden)[0m[0m
    }

[1m  # module.vpc.aws_subnet.public[1][0m will be [1m[31mdestroyed[0m
[0m  [31m-[0m[0m resource "aws_subnet" "public" {
      [31m-[0m[0m arn                                            = "arn:aws:ec2:ap-northeast-2:368352028691:subnet/subnet-09901647701b1e761" [90m-> null[0m[0m
      [31m-[0m[0m assign_ipv6_address_on_creation                = false [90m-> null[0m[0m
      [31m-[0m[0m availability_zone                              = "ap-northeast-2c" [90m-> null[0m[0m
      [31m-[0m[0m availability_zone_id                           = "apne2-az3" [90m-> null[0m[0m
      [31m-[0m[0m cidr_block                                     = "10.10.2.0/24" [90m-> null[0m[0m
      [31m-[0m[0m enable_dns64                                   = false [90m-> null[0m[0m
      [31m-[0m[0m enable_lni_at_device_index                     = 0 [90m-> null[0m[0m
      [31m-[0m[0m enable_resource_name_dns_a_record_on_launch    = false [90m-> null[0m[0m
      [31m-[0m[0m enable_resource_name_dns_aaaa_record_on_launch = false [90m-> null[0m[0m
      [31m-[0m[0m id                                             = "subnet-09901647701b1e761" [90m-> null[0m[0m
      [31m-[0m[0m ipv6_native                                    = false [90m-> null[0m[0m
      [31m-[0m[0m map_customer_owned_ip_on_launch                = false [90m-> null[0m[0m
      [31m-[0m[0m map_public_ip_on_launch                        = true [90m-> null[0m[0m
      [31m-[0m[0m owner_id                                       = "368352028691" [90m-> null[0m[0m
      [31m-[0m[0m private_dns_hostname_type_on_launch            = "ip-name" [90m-> null[0m[0m
      [31m-[0m[0m tags                                           = {
          [31m-[0m[0m "Name" = "terraform-dr-public-ap-northeast-2c"
        } [90m-> null[0m[0m
      [31m-[0m[0m tags_all                                       = {
          [31m-[0m[0m "Name" = "terraform-dr-public-ap-northeast-2c"
        } [90m-> null[0m[0m
      [31m-[0m[0m vpc_id                                         = "vpc-0bcd864f7d7d725d0" [90m-> null[0m[0m
        [90m# (4 unchanged attributes hidden)[0m[0m
    }

[1m  # module.vpc.aws_vpc.this[0m will be [1m[31mdestroyed[0m
[0m  [31m-[0m[0m resource "aws_vpc" "this" {
      [31m-[0m[0m arn                                  = "arn:aws:ec2:ap-northeast-2:368352028691:vpc/vpc-0bcd864f7d7d725d0" [90m-> null[0m[0m
      [31m-[0m[0m assign_generated_ipv6_cidr_block     = false [90m-> null[0m[0m
      [31m-[0m[0m cidr_block                           = "10.10.0.0/16" [90m-> null[0m[0m
      [31m-[0m[0m default_network_acl_id               = "acl-04c5dfe39876e56a3" [90m-> null[0m[0m
      [31m-[0m[0m default_route_table_id               = "rtb-05bd68822c8048383" [90m-> null[0m[0m
      [31m-[0m[0m default_security_group_id            = "sg-0a0b37abe51867a21" [90m-> null[0m[0m
      [31m-[0m[0m dhcp_options_id                      = "dopt-07c777e700f387fcc" [90m-> null[0m[0m
      [31m-[0m[0m enable_dns_hostnames                 = true [90m-> null[0m[0m
      [31m-[0m[0m enable_dns_support                   = true [90m-> null[0m[0m
      [31m-[0m[0m enable_network_address_usage_metrics = false [90m-> null[0m[0m
      [31m-[0m[0m id                                   = "vpc-0bcd864f7d7d725d0" [90m-> null[0m[0m
      [31m-[0m[0m instance_tenancy                     = "default" [90m-> null[0m[0m
      [31m-[0m[0m ipv6_netmask_length                  = 0 [90m-> null[0m[0m
      [31m-[0m[0m main_route_table_id                  = "rtb-05bd68822c8048383" [90m-> null[0m[0m
      [31m-[0m[0m owner_id                             = "368352028691" [90m-> null[0m[0m
      [31m-[0m[0m tags                                 = {
          [31m-[0m[0m "Name" = "terraform-dr-vpc"
        } [90m-> null[0m[0m
      [31m-[0m[0m tags_all                             = {
          [31m-[0m[0m "Name" = "terraform-dr-vpc"
        } [90m-> null[0m[0m
        [90m# (4 unchanged attributes hidden)[0m[0m
    }

[1m  # module.vpc.null_resource.validate[0m will be [1m[31mdestroyed[0m
[0m  [31m-[0m[0m resource "null_resource" "validate" {
      [31m-[0m[0m id       = "277250300903373517" [90m-> null[0m[0m
      [31m-[0m[0m triggers = {
          [31m-[0m[0m "azs_len"  = "2"
          [31m-[0m[0m "priv_len" = "2"
          [31m-[0m[0m "pub_len"  = "2"
        } [90m-> null[0m[0m
    }

[1mPlan:[0m [0m0 to add, 0 to change, 19 to destroy.

Changes to Outputs:
  [31m-[0m[0m private_route_table_ids = [
      [31m-[0m[0m "rtb-00d7f36160ccd2b30",
      [31m-[0m[0m "rtb-07769d08973058248",
    ] [90m-> null[0m[0m
  [31m-[0m[0m private_subnet_ids      = [
      [31m-[0m[0m "subnet-090077dfabe273ca0",
      [31m-[0m[0m "subnet-04a81974355bf26bf",
    ] [90m-> null[0m[0m
  [31m-[0m[0m public_subnet_ids       = [
      [31m-[0m[0m "subnet-00aba0d34ab1fc596",
      [31m-[0m[0m "subnet-09901647701b1e761",
    ] [90m-> null[0m[0m
  [31m-[0m[0m vpc_id                  = "vpc-0bcd864f7d7d725d0" [90m-> null[0m[0m
[0m[1mmodule.vpc.null_resource.validate: Destroying... [id=277250300903373517][0m[0m
[0m[1mmodule.vpc.null_resource.validate: Destruction complete after 0s[0m
[0m[1mmodule.vpc.aws_route_table_association.public[0]: Destroying... [id=rtbassoc-0ce927682e8afb3de][0m[0m
[0m[1mmodule.vpc.aws_route_table_association.private[0]: Destroying... [id=rtbassoc-098f953567202bcfa][0m[0m
[0m[1mmodule.vpc.aws_route_table_association.private[1]: Destroying... [id=rtbassoc-0773134a352b4d5e3][0m[0m
[0m[1mmodule.vpc.aws_route_table_association.public[1]: Destroying... [id=rtbassoc-0558357da472fb68a][0m[0m
[0m[1mmodule.vpc.aws_route.private_nat[0]: Destroying... [id=r-rtb-00d7f36160ccd2b301080289494][0m[0m
[0m[1mmodule.vpc.aws_route.private_nat[1]: Destroying... [id=r-rtb-07769d089730582481080289494][0m[0m
[0m[1mmodule.vpc.aws_route.public_igw: Destroying... [id=r-rtb-075aee0d65ab2aa711080289494][0m[0m
[0m[1mmodule.vpc.aws_route_table_association.public[1]: Destruction complete after 1s[0m
[0m[1mmodule.vpc.aws_route_table_association.private[0]: Destruction complete after 1s[0m
[0m[1mmodule.vpc.aws_route_table_association.private[1]: Destruction complete after 1s[0m
[0m[1mmodule.vpc.aws_subnet.private[1]: Destroying... [id=subnet-04a81974355bf26bf][0m[0m
[0m[1mmodule.vpc.aws_subnet.private[0]: Destroying... [id=subnet-090077dfabe273ca0][0m[0m
[0m[1mmodule.vpc.aws_route_table_association.public[0]: Destruction complete after 1s[0m
[0m[1mmodule.vpc.aws_route.public_igw: Destruction complete after 1s[0m
[0m[1mmodule.vpc.aws_route_table.public: Destroying... [id=rtb-075aee0d65ab2aa71][0m[0m
[0m[1mmodule.vpc.aws_route.private_nat[1]: Destruction complete after 1s[0m
[0m[1mmodule.vpc.aws_subnet.private[0]: Destruction complete after 0s[0m
[0m[1mmodule.vpc.aws_route.private_nat[0]: Destruction complete after 1s[0m
[0m[1mmodule.vpc.aws_route_table.private[0]: Destroying... [id=rtb-00d7f36160ccd2b30][0m[0m
[0m[1mmodule.vpc.aws_nat_gateway.this[0]: Destroying... [id=nat-053a5d214afdbc142][0m[0m
[0m[1mmodule.vpc.aws_route_table.private[1]: Destroying... [id=rtb-07769d08973058248][0m[0m
[0m[1mmodule.vpc.aws_subnet.private[1]: Destruction complete after 0s[0m
[0m[1mmodule.vpc.aws_route_table.public: Destruction complete after 0s[0m
[0m[1mmodule.vpc.aws_route_table.private[0]: Destruction complete after 1s[0m
[0m[1mmodule.vpc.aws_route_table.private[1]: Destruction complete after 1s[0m
[0m[1mmodule.vpc.aws_nat_gateway.this[0]: Still destroying... [id=nat-053a5d214afdbc142, 00m10s elapsed][0m[0m
[0m[1mmodule.vpc.aws_nat_gateway.this[0]: Still destroying... [id=nat-053a5d214afdbc142, 00m20s elapsed][0m[0m
[0m[1mmodule.vpc.aws_nat_gateway.this[0]: Still destroying... [id=nat-053a5d214afdbc142, 00m30s elapsed][0m[0m
[0m[1mmodule.vpc.aws_nat_gateway.this[0]: Still destroying... [id=nat-053a5d214afdbc142, 00m40s elapsed][0m[0m
[0m[1mmodule.vpc.aws_nat_gateway.this[0]: Destruction complete after 41s[0m
[0m[1mmodule.vpc.aws_subnet.public[1]: Destroying... [id=subnet-09901647701b1e761][0m[0m
[0m[1mmodule.vpc.aws_eip.nat[0]: Destroying... [id=eipalloc-0c809f44edafdd766][0m[0m
[0m[1mmodule.vpc.aws_subnet.public[0]: Destroying... [id=subnet-00aba0d34ab1fc596][0m[0m
[0m[1mmodule.vpc.aws_internet_gateway.this: Destroying... [id=igw-02ab6677e08440c90][0m[0m
[0m[1mmodule.vpc.aws_internet_gateway.this: Destruction complete after 1s[0m
[0m[1mmodule.vpc.aws_subnet.public[0]: Destruction complete after 1s[0m
[0m[1mmodule.vpc.aws_subnet.public[1]: Destruction complete after 1s[0m
[0m[1mmodule.vpc.aws_vpc.this: Destroying... [id=vpc-0bcd864f7d7d725d0][0m[0m
[0m[1mmodule.vpc.aws_eip.nat[0]: Destruction complete after 1s[0m
[0m[1mmodule.vpc.aws_vpc.this: Destruction complete after 0s[0m
[33m╷[0m[0m
[33m│[0m [0m[1m[33mWarning: [0m[0m[1mValue for undeclared variable[0m
[33m│[0m [0m
[33m│[0m [0m[0mThe root module does not declare a variable named "onprem_public_ip" but a
[33m│[0m [0mvalue was found in file "terraform.tfvars". If you meant to use this value,
[33m│[0m [0madd a "variable" block to the configuration.
[33m│[0m [0m
[33m│[0m [0mTo silence these warnings, use TF_VAR_... environment variables to provide
[33m│[0m [0mcertain "global" settings to all configurations in your organization. To
[33m│[0m [0mreduce the verbosity of these warnings, use the -compact-warnings option.
[33m╵[0m[0m
[33m╷[0m[0m
[33m│[0m [0m[1m[33mWarning: [0m[0m[1mValue for undeclared variable[0m
[33m│[0m [0m
[33m│[0m [0m[0mThe root module does not declare a variable named "onprem_cidr" but a value
[33m│[0m [0mwas found in file "terraform.tfvars". If you meant to use this value, add a
[33m│[0m [0m"variable" block to the configuration.
[33m│[0m [0m
[33m│[0m [0mTo silence these warnings, use TF_VAR_... environment variables to provide
[33m│[0m [0mcertain "global" settings to all configurations in your organization. To
[33m│[0m [0mreduce the verbosity of these warnings, use the -compact-warnings option.
[33m╵[0m[0m
[0m[1m[32m
Destroy complete! Resources: 19 destroyed.[0m
