nohup: ignoring input
[0m[1mmodule.vpc.null_resource.validate: Refreshing state... [id=277250300903373517][0m
[0m[1mmodule.vpc.aws_vpc.this: Refreshing state... [id=vpc-0ca8d5931cd07be6a][0m
[0m[1mmodule.vpc.aws_eip.nat[0]: Refreshing state... [id=eipalloc-0cab5184f4bf17339][0m
[0m[1mmodule.vpc.aws_internet_gateway.this: Refreshing state... [id=igw-07d9e114abcefc66c][0m
[0m[1mmodule.vpc.aws_route_table.private[0]: Refreshing state... [id=rtb-0c48f4a916b6becae][0m
[0m[1mmodule.vpc.aws_subnet.public[0]: Refreshing state... [id=subnet-02aef82ee05f9aa66][0m
[0m[1mmodule.vpc.aws_route_table.private[1]: Refreshing state... [id=rtb-09919785fef621bdb][0m
[0m[1mmodule.vpc.aws_route_table.public: Refreshing state... [id=rtb-0e9c331dfbd013ae7][0m
[0m[1mmodule.vpc.aws_subnet.private[1]: Refreshing state... [id=subnet-0765346a5467255f8][0m
[0m[1mmodule.vpc.aws_subnet.public[1]: Refreshing state... [id=subnet-027ecb9c5e6430197][0m
[0m[1mmodule.vpc.aws_subnet.private[0]: Refreshing state... [id=subnet-006c0b045120b960a][0m
[0m[1mmodule.vpc.aws_route.public_igw: Refreshing state... [id=r-rtb-0e9c331dfbd013ae71080289494][0m
[0m[1mmodule.vpc.aws_route_table_association.private[0]: Refreshing state... [id=rtbassoc-07d2f314efd1fef9f][0m
[0m[1mmodule.vpc.aws_route_table_association.private[1]: Refreshing state... [id=rtbassoc-0400515faa7aa6214][0m
[0m[1mmodule.vpc.aws_route_table_association.public[0]: Refreshing state... [id=rtbassoc-0f5b3c01b7a6f62f1][0m
[0m[1mmodule.vpc.aws_route_table_association.public[1]: Refreshing state... [id=rtbassoc-0596ebb7c5ae505ac][0m
[0m[1mmodule.vpc.aws_nat_gateway.this[0]: Refreshing state... [id=nat-08dc88d2c1be36463][0m
[0m[1mmodule.vpc.aws_route.private_nat[0]: Refreshing state... [id=r-rtb-0c48f4a916b6becae1080289494][0m
[0m[1mmodule.vpc.aws_route.private_nat[1]: Refreshing state... [id=r-rtb-09919785fef621bdb1080289494][0m

Terraform used the selected providers to generate the following execution
plan. Resource actions are indicated with the following symbols:
  [31m-[0m destroy[0m

Terraform will perform the following actions:

[1m  # module.vpc.aws_eip.nat[0][0m will be [1m[31mdestroyed[0m
[0m  [31m-[0m[0m resource "aws_eip" "nat" {
      [31m-[0m[0m allocation_id            = "eipalloc-0cab5184f4bf17339" [90m-> null[0m[0m
      [31m-[0m[0m arn                      = "arn:aws:ec2:ap-northeast-2:368352028691:elastic-ip/eipalloc-0cab5184f4bf17339" [90m-> null[0m[0m
      [31m-[0m[0m association_id           = "eipassoc-0c48201f334e0853c" [90m-> null[0m[0m
      [31m-[0m[0m domain                   = "vpc" [90m-> null[0m[0m
      [31m-[0m[0m id                       = "eipalloc-0cab5184f4bf17339" [90m-> null[0m[0m
      [31m-[0m[0m network_border_group     = "ap-northeast-2" [90m-> null[0m[0m
      [31m-[0m[0m network_interface        = "eni-0708a95903d83ad23" [90m-> null[0m[0m
      [31m-[0m[0m private_dns              = "ip-10-10-1-81.ap-northeast-2.compute.internal" [90m-> null[0m[0m
      [31m-[0m[0m private_ip               = "10.10.1.81" [90m-> null[0m[0m
      [31m-[0m[0m public_dns               = "ec2-43-200-104-211.ap-northeast-2.compute.amazonaws.com" [90m-> null[0m[0m
      [31m-[0m[0m public_ip                = "43.200.104.211" [90m-> null[0m[0m
      [31m-[0m[0m public_ipv4_pool         = "amazon" [90m-> null[0m[0m
      [31m-[0m[0m tags                     = {
          [31m-[0m[0m "Name" = "terraform-dr-eip-nat-0"
        } [90m-> null[0m[0m
      [31m-[0m[0m tags_all                 = {
          [31m-[0m[0m "Name" = "terraform-dr-eip-nat-0"
        } [90m-> null[0m[0m
      [31m-[0m[0m vpc                      = true [90m-> null[0m[0m
        [90m# (5 unchanged attributes hidden)[0m[0m
    }

[1m  # module.vpc.aws_internet_gateway.this[0m will be [1m[31mdestroyed[0m
[0m  [31m-[0m[0m resource "aws_internet_gateway" "this" {
      [31m-[0m[0m arn      = "arn:aws:ec2:ap-northeast-2:368352028691:internet-gateway/igw-07d9e114abcefc66c" [90m-> null[0m[0m
      [31m-[0m[0m id       = "igw-07d9e114abcefc66c" [90m-> null[0m[0m
      [31m-[0m[0m owner_id = "368352028691" [90m-> null[0m[0m
      [31m-[0m[0m tags     = {
          [31m-[0m[0m "Name" = "terraform-dr-igw"
        } [90m-> null[0m[0m
      [31m-[0m[0m tags_all = {
          [31m-[0m[0m "Name" = "terraform-dr-igw"
        } [90m-> null[0m[0m
      [31m-[0m[0m vpc_id   = "vpc-0ca8d5931cd07be6a" [90m-> null[0m[0m
    }

[1m  # module.vpc.aws_nat_gateway.this[0][0m will be [1m[31mdestroyed[0m
[0m  [31m-[0m[0m resource "aws_nat_gateway" "this" {
      [31m-[0m[0m allocation_id                      = "eipalloc-0cab5184f4bf17339" [90m-> null[0m[0m
      [31m-[0m[0m association_id                     = "eipassoc-0c48201f334e0853c" [90m-> null[0m[0m
      [31m-[0m[0m connectivity_type                  = "public" [90m-> null[0m[0m
      [31m-[0m[0m id                                 = "nat-08dc88d2c1be36463" [90m-> null[0m[0m
      [31m-[0m[0m network_interface_id               = "eni-0708a95903d83ad23" [90m-> null[0m[0m
      [31m-[0m[0m private_ip                         = "10.10.1.81" [90m-> null[0m[0m
      [31m-[0m[0m public_ip                          = "43.200.104.211" [90m-> null[0m[0m
      [31m-[0m[0m secondary_allocation_ids           = [] [90m-> null[0m[0m
      [31m-[0m[0m secondary_private_ip_address_count = 0 [90m-> null[0m[0m
      [31m-[0m[0m secondary_private_ip_addresses     = [] [90m-> null[0m[0m
      [31m-[0m[0m subnet_id                          = "subnet-02aef82ee05f9aa66" [90m-> null[0m[0m
      [31m-[0m[0m tags                               = {
          [31m-[0m[0m "Name" = "terraform-dr-nat-0"
        } [90m-> null[0m[0m
      [31m-[0m[0m tags_all                           = {
          [31m-[0m[0m "Name" = "terraform-dr-nat-0"
        } [90m-> null[0m[0m
    }

[1m  # module.vpc.aws_route.private_nat[0][0m will be [1m[31mdestroyed[0m
[0m  [31m-[0m[0m resource "aws_route" "private_nat" {
      [31m-[0m[0m destination_cidr_block      = "0.0.0.0/0" [90m-> null[0m[0m
      [31m-[0m[0m id                          = "r-rtb-0c48f4a916b6becae1080289494" [90m-> null[0m[0m
      [31m-[0m[0m nat_gateway_id              = "nat-08dc88d2c1be36463" [90m-> null[0m[0m
      [31m-[0m[0m origin                      = "CreateRoute" [90m-> null[0m[0m
      [31m-[0m[0m route_table_id              = "rtb-0c48f4a916b6becae" [90m-> null[0m[0m
      [31m-[0m[0m state                       = "active" [90m-> null[0m[0m
        [90m# (13 unchanged attributes hidden)[0m[0m
    }

[1m  # module.vpc.aws_route.private_nat[1][0m will be [1m[31mdestroyed[0m
[0m  [31m-[0m[0m resource "aws_route" "private_nat" {
      [31m-[0m[0m destination_cidr_block      = "0.0.0.0/0" [90m-> null[0m[0m
      [31m-[0m[0m id                          = "r-rtb-09919785fef621bdb1080289494" [90m-> null[0m[0m
      [31m-[0m[0m nat_gateway_id              = "nat-08dc88d2c1be36463" [90m-> null[0m[0m
      [31m-[0m[0m origin                      = "CreateRoute" [90m-> null[0m[0m
      [31m-[0m[0m route_table_id              = "rtb-09919785fef621bdb" [90m-> null[0m[0m
      [31m-[0m[0m state                       = "active" [90m-> null[0m[0m
        [90m# (13 unchanged attributes hidden)[0m[0m
    }

[1m  # module.vpc.aws_route.public_igw[0m will be [1m[31mdestroyed[0m
[0m  [31m-[0m[0m resource "aws_route" "public_igw" {
      [31m-[0m[0m destination_cidr_block      = "0.0.0.0/0" [90m-> null[0m[0m
      [31m-[0m[0m gateway_id                  = "igw-07d9e114abcefc66c" [90m-> null[0m[0m
      [31m-[0m[0m id                          = "r-rtb-0e9c331dfbd013ae71080289494" [90m-> null[0m[0m
      [31m-[0m[0m origin                      = "CreateRoute" [90m-> null[0m[0m
      [31m-[0m[0m route_table_id              = "rtb-0e9c331dfbd013ae7" [90m-> null[0m[0m
      [31m-[0m[0m state                       = "active" [90m-> null[0m[0m
        [90m# (13 unchanged attributes hidden)[0m[0m
    }

[1m  # module.vpc.aws_route_table.private[0][0m will be [1m[31mdestroyed[0m
[0m  [31m-[0m[0m resource "aws_route_table" "private" {
      [31m-[0m[0m arn              = "arn:aws:ec2:ap-northeast-2:368352028691:route-table/rtb-0c48f4a916b6becae" [90m-> null[0m[0m
      [31m-[0m[0m id               = "rtb-0c48f4a916b6becae" [90m-> null[0m[0m
      [31m-[0m[0m owner_id         = "368352028691" [90m-> null[0m[0m
      [31m-[0m[0m propagating_vgws = [] [90m-> null[0m[0m
      [31m-[0m[0m route            = [
          [31m-[0m[0m {
              [31m-[0m[0m cidr_block                 = "0.0.0.0/0"
              [31m-[0m[0m nat_gateway_id             = "nat-08dc88d2c1be36463"
                [90m# (11 unchanged attributes hidden)[0m[0m
            },
        ] [90m-> null[0m[0m
      [31m-[0m[0m tags             = {
          [31m-[0m[0m "Name" = "terraform-dr-rt-private-ap-northeast-2a"
        } [90m-> null[0m[0m
      [31m-[0m[0m tags_all         = {
          [31m-[0m[0m "Name" = "terraform-dr-rt-private-ap-northeast-2a"
        } [90m-> null[0m[0m
      [31m-[0m[0m vpc_id           = "vpc-0ca8d5931cd07be6a" [90m-> null[0m[0m
    }

[1m  # module.vpc.aws_route_table.private[1][0m will be [1m[31mdestroyed[0m
[0m  [31m-[0m[0m resource "aws_route_table" "private" {
      [31m-[0m[0m arn              = "arn:aws:ec2:ap-northeast-2:368352028691:route-table/rtb-09919785fef621bdb" [90m-> null[0m[0m
      [31m-[0m[0m id               = "rtb-09919785fef621bdb" [90m-> null[0m[0m
      [31m-[0m[0m owner_id         = "368352028691" [90m-> null[0m[0m
      [31m-[0m[0m propagating_vgws = [] [90m-> null[0m[0m
      [31m-[0m[0m route            = [
          [31m-[0m[0m {
              [31m-[0m[0m cidr_block                 = "0.0.0.0/0"
              [31m-[0m[0m nat_gateway_id             = "nat-08dc88d2c1be36463"
                [90m# (11 unchanged attributes hidden)[0m[0m
            },
        ] [90m-> null[0m[0m
      [31m-[0m[0m tags             = {
          [31m-[0m[0m "Name" = "terraform-dr-rt-private-ap-northeast-2c"
        } [90m-> null[0m[0m
      [31m-[0m[0m tags_all         = {
          [31m-[0m[0m "Name" = "terraform-dr-rt-private-ap-northeast-2c"
        } [90m-> null[0m[0m
      [31m-[0m[0m vpc_id           = "vpc-0ca8d5931cd07be6a" [90m-> null[0m[0m
    }

[1m  # module.vpc.aws_route_table.public[0m will be [1m[31mdestroyed[0m
[0m  [31m-[0m[0m resource "aws_route_table" "public" {
      [31m-[0m[0m arn              = "arn:aws:ec2:ap-northeast-2:368352028691:route-table/rtb-0e9c331dfbd013ae7" [90m-> null[0m[0m
      [31m-[0m[0m id               = "rtb-0e9c331dfbd013ae7" [90m-> null[0m[0m
      [31m-[0m[0m owner_id         = "368352028691" [90m-> null[0m[0m
      [31m-[0m[0m propagating_vgws = [] [90m-> null[0m[0m
      [31m-[0m[0m route            = [
          [31m-[0m[0m {
              [31m-[0m[0m cidr_block                 = "0.0.0.0/0"
              [31m-[0m[0m gateway_id                 = "igw-07d9e114abcefc66c"
                [90m# (11 unchanged attributes hidden)[0m[0m
            },
        ] [90m-> null[0m[0m
      [31m-[0m[0m tags             = {
          [31m-[0m[0m "Name" = "terraform-dr-rt-public"
        } [90m-> null[0m[0m
      [31m-[0m[0m tags_all         = {
          [31m-[0m[0m "Name" = "terraform-dr-rt-public"
        } [90m-> null[0m[0m
      [31m-[0m[0m vpc_id           = "vpc-0ca8d5931cd07be6a" [90m-> null[0m[0m
    }

[1m  # module.vpc.aws_route_table_association.private[0][0m will be [1m[31mdestroyed[0m
[0m  [31m-[0m[0m resource "aws_route_table_association" "private" {
      [31m-[0m[0m id             = "rtbassoc-07d2f314efd1fef9f" [90m-> null[0m[0m
      [31m-[0m[0m route_table_id = "rtb-0c48f4a916b6becae" [90m-> null[0m[0m
      [31m-[0m[0m subnet_id      = "subnet-006c0b045120b960a" [90m-> null[0m[0m
        [90m# (1 unchanged attribute hidden)[0m[0m
    }

[1m  # module.vpc.aws_route_table_association.private[1][0m will be [1m[31mdestroyed[0m
[0m  [31m-[0m[0m resource "aws_route_table_association" "private" {
      [31m-[0m[0m id             = "rtbassoc-0400515faa7aa6214" [90m-> null[0m[0m
      [31m-[0m[0m route_table_id = "rtb-09919785fef621bdb" [90m-> null[0m[0m
      [31m-[0m[0m subnet_id      = "subnet-0765346a5467255f8" [90m-> null[0m[0m
        [90m# (1 unchanged attribute hidden)[0m[0m
    }

[1m  # module.vpc.aws_route_table_association.public[0][0m will be [1m[31mdestroyed[0m
[0m  [31m-[0m[0m resource "aws_route_table_association" "public" {
      [31m-[0m[0m id             = "rtbassoc-0f5b3c01b7a6f62f1" [90m-> null[0m[0m
      [31m-[0m[0m route_table_id = "rtb-0e9c331dfbd013ae7" [90m-> null[0m[0m
      [31m-[0m[0m subnet_id      = "subnet-02aef82ee05f9aa66" [90m-> null[0m[0m
        [90m# (1 unchanged attribute hidden)[0m[0m
    }

[1m  # module.vpc.aws_route_table_association.public[1][0m will be [1m[31mdestroyed[0m
[0m  [31m-[0m[0m resource "aws_route_table_association" "public" {
      [31m-[0m[0m id             = "rtbassoc-0596ebb7c5ae505ac" [90m-> null[0m[0m
      [31m-[0m[0m route_table_id = "rtb-0e9c331dfbd013ae7" [90m-> null[0m[0m
      [31m-[0m[0m subnet_id      = "subnet-027ecb9c5e6430197" [90m-> null[0m[0m
        [90m# (1 unchanged attribute hidden)[0m[0m
    }

[1m  # module.vpc.aws_subnet.private[0][0m will be [1m[31mdestroyed[0m
[0m  [31m-[0m[0m resource "aws_subnet" "private" {
      [31m-[0m[0m arn                                            = "arn:aws:ec2:ap-northeast-2:368352028691:subnet/subnet-006c0b045120b960a" [90m-> null[0m[0m
      [31m-[0m[0m assign_ipv6_address_on_creation                = false [90m-> null[0m[0m
      [31m-[0m[0m availability_zone                              = "ap-northeast-2a" [90m-> null[0m[0m
      [31m-[0m[0m availability_zone_id                           = "apne2-az1" [90m-> null[0m[0m
      [31m-[0m[0m cidr_block                                     = "10.10.10.0/24" [90m-> null[0m[0m
      [31m-[0m[0m enable_dns64                                   = false [90m-> null[0m[0m
      [31m-[0m[0m enable_lni_at_device_index                     = 0 [90m-> null[0m[0m
      [31m-[0m[0m enable_resource_name_dns_a_record_on_launch    = false [90m-> null[0m[0m
      [31m-[0m[0m enable_resource_name_dns_aaaa_record_on_launch = false [90m-> null[0m[0m
      [31m-[0m[0m id                                             = "subnet-006c0b045120b960a" [90m-> null[0m[0m
      [31m-[0m[0m ipv6_native                                    = false [90m-> null[0m[0m
      [31m-[0m[0m map_customer_owned_ip_on_launch                = false [90m-> null[0m[0m
      [31m-[0m[0m map_public_ip_on_launch                        = false [90m-> null[0m[0m
      [31m-[0m[0m owner_id                                       = "368352028691" [90m-> null[0m[0m
      [31m-[0m[0m private_dns_hostname_type_on_launch            = "ip-name" [90m-> null[0m[0m
      [31m-[0m[0m tags                                           = {
          [31m-[0m[0m "Name" = "terraform-dr-private-ap-northeast-2a"
        } [90m-> null[0m[0m
      [31m-[0m[0m tags_all                                       = {
          [31m-[0m[0m "Name" = "terraform-dr-private-ap-northeast-2a"
        } [90m-> null[0m[0m
      [31m-[0m[0m vpc_id                                         = "vpc-0ca8d5931cd07be6a" [90m-> null[0m[0m
        [90m# (4 unchanged attributes hidden)[0m[0m
    }

[1m  # module.vpc.aws_subnet.private[1][0m will be [1m[31mdestroyed[0m
[0m  [31m-[0m[0m resource "aws_subnet" "private" {
      [31m-[0m[0m arn                                            = "arn:aws:ec2:ap-northeast-2:368352028691:subnet/subnet-0765346a5467255f8" [90m-> null[0m[0m
      [31m-[0m[0m assign_ipv6_address_on_creation                = false [90m-> null[0m[0m
      [31m-[0m[0m availability_zone                              = "ap-northeast-2c" [90m-> null[0m[0m
      [31m-[0m[0m availability_zone_id                           = "apne2-az3" [90m-> null[0m[0m
      [31m-[0m[0m cidr_block                                     = "10.10.11.0/24" [90m-> null[0m[0m
      [31m-[0m[0m enable_dns64                                   = false [90m-> null[0m[0m
      [31m-[0m[0m enable_lni_at_device_index                     = 0 [90m-> null[0m[0m
      [31m-[0m[0m enable_resource_name_dns_a_record_on_launch    = false [90m-> null[0m[0m
      [31m-[0m[0m enable_resource_name_dns_aaaa_record_on_launch = false [90m-> null[0m[0m
      [31m-[0m[0m id                                             = "subnet-0765346a5467255f8" [90m-> null[0m[0m
      [31m-[0m[0m ipv6_native                                    = false [90m-> null[0m[0m
      [31m-[0m[0m map_customer_owned_ip_on_launch                = false [90m-> null[0m[0m
      [31m-[0m[0m map_public_ip_on_launch                        = false [90m-> null[0m[0m
      [31m-[0m[0m owner_id                                       = "368352028691" [90m-> null[0m[0m
      [31m-[0m[0m private_dns_hostname_type_on_launch            = "ip-name" [90m-> null[0m[0m
      [31m-[0m[0m tags                                           = {
          [31m-[0m[0m "Name" = "terraform-dr-private-ap-northeast-2c"
        } [90m-> null[0m[0m
      [31m-[0m[0m tags_all                                       = {
          [31m-[0m[0m "Name" = "terraform-dr-private-ap-northeast-2c"
        } [90m-> null[0m[0m
      [31m-[0m[0m vpc_id                                         = "vpc-0ca8d5931cd07be6a" [90m-> null[0m[0m
        [90m# (4 unchanged attributes hidden)[0m[0m
    }

[1m  # module.vpc.aws_subnet.public[0][0m will be [1m[31mdestroyed[0m
[0m  [31m-[0m[0m resource "aws_subnet" "public" {
      [31m-[0m[0m arn                                            = "arn:aws:ec2:ap-northeast-2:368352028691:subnet/subnet-02aef82ee05f9aa66" [90m-> null[0m[0m
      [31m-[0m[0m assign_ipv6_address_on_creation                = false [90m-> null[0m[0m
      [31m-[0m[0m availability_zone                              = "ap-northeast-2a" [90m-> null[0m[0m
      [31m-[0m[0m availability_zone_id                           = "apne2-az1" [90m-> null[0m[0m
      [31m-[0m[0m cidr_block                                     = "10.10.1.0/24" [90m-> null[0m[0m
      [31m-[0m[0m enable_dns64                                   = false [90m-> null[0m[0m
      [31m-[0m[0m enable_lni_at_device_index                     = 0 [90m-> null[0m[0m
      [31m-[0m[0m enable_resource_name_dns_a_record_on_launch    = false [90m-> null[0m[0m
      [31m-[0m[0m enable_resource_name_dns_aaaa_record_on_launch = false [90m-> null[0m[0m
      [31m-[0m[0m id                                             = "subnet-02aef82ee05f9aa66" [90m-> null[0m[0m
      [31m-[0m[0m ipv6_native                                    = false [90m-> null[0m[0m
      [31m-[0m[0m map_customer_owned_ip_on_launch                = false [90m-> null[0m[0m
      [31m-[0m[0m map_public_ip_on_launch                        = true [90m-> null[0m[0m
      [31m-[0m[0m owner_id                                       = "368352028691" [90m-> null[0m[0m
      [31m-[0m[0m private_dns_hostname_type_on_launch            = "ip-name" [90m-> null[0m[0m
      [31m-[0m[0m tags                                           = {
          [31m-[0m[0m "Name" = "terraform-dr-public-ap-northeast-2a"
        } [90m-> null[0m[0m
      [31m-[0m[0m tags_all                                       = {
          [31m-[0m[0m "Name" = "terraform-dr-public-ap-northeast-2a"
        } [90m-> null[0m[0m
      [31m-[0m[0m vpc_id                                         = "vpc-0ca8d5931cd07be6a" [90m-> null[0m[0m
        [90m# (4 unchanged attributes hidden)[0m[0m
    }

[1m  # module.vpc.aws_subnet.public[1][0m will be [1m[31mdestroyed[0m
[0m  [31m-[0m[0m resource "aws_subnet" "public" {
      [31m-[0m[0m arn                                            = "arn:aws:ec2:ap-northeast-2:368352028691:subnet/subnet-027ecb9c5e6430197" [90m-> null[0m[0m
      [31m-[0m[0m assign_ipv6_address_on_creation                = false [90m-> null[0m[0m
      [31m-[0m[0m availability_zone                              = "ap-northeast-2c" [90m-> null[0m[0m
      [31m-[0m[0m availability_zone_id                           = "apne2-az3" [90m-> null[0m[0m
      [31m-[0m[0m cidr_block                                     = "10.10.2.0/24" [90m-> null[0m[0m
      [31m-[0m[0m enable_dns64                                   = false [90m-> null[0m[0m
      [31m-[0m[0m enable_lni_at_device_index                     = 0 [90m-> null[0m[0m
      [31m-[0m[0m enable_resource_name_dns_a_record_on_launch    = false [90m-> null[0m[0m
      [31m-[0m[0m enable_resource_name_dns_aaaa_record_on_launch = false [90m-> null[0m[0m
      [31m-[0m[0m id                                             = "subnet-027ecb9c5e6430197" [90m-> null[0m[0m
      [31m-[0m[0m ipv6_native                                    = false [90m-> null[0m[0m
      [31m-[0m[0m map_customer_owned_ip_on_launch                = false [90m-> null[0m[0m
      [31m-[0m[0m map_public_ip_on_launch                        = true [90m-> null[0m[0m
      [31m-[0m[0m owner_id                                       = "368352028691" [90m-> null[0m[0m
      [31m-[0m[0m private_dns_hostname_type_on_launch            = "ip-name" [90m-> null[0m[0m
      [31m-[0m[0m tags                                           = {
          [31m-[0m[0m "Name" = "terraform-dr-public-ap-northeast-2c"
        } [90m-> null[0m[0m
      [31m-[0m[0m tags_all                                       = {
          [31m-[0m[0m "Name" = "terraform-dr-public-ap-northeast-2c"
        } [90m-> null[0m[0m
      [31m-[0m[0m vpc_id                                         = "vpc-0ca8d5931cd07be6a" [90m-> null[0m[0m
        [90m# (4 unchanged attributes hidden)[0m[0m
    }

[1m  # module.vpc.aws_vpc.this[0m will be [1m[31mdestroyed[0m
[0m  [31m-[0m[0m resource "aws_vpc" "this" {
      [31m-[0m[0m arn                                  = "arn:aws:ec2:ap-northeast-2:368352028691:vpc/vpc-0ca8d5931cd07be6a" [90m-> null[0m[0m
      [31m-[0m[0m assign_generated_ipv6_cidr_block     = false [90m-> null[0m[0m
      [31m-[0m[0m cidr_block                           = "10.10.0.0/16" [90m-> null[0m[0m
      [31m-[0m[0m default_network_acl_id               = "acl-06aa2fdad3dd94859" [90m-> null[0m[0m
      [31m-[0m[0m default_route_table_id               = "rtb-02507af018092eba5" [90m-> null[0m[0m
      [31m-[0m[0m default_security_group_id            = "sg-0b3732c021b22b481" [90m-> null[0m[0m
      [31m-[0m[0m dhcp_options_id                      = "dopt-07c777e700f387fcc" [90m-> null[0m[0m
      [31m-[0m[0m enable_dns_hostnames                 = true [90m-> null[0m[0m
      [31m-[0m[0m enable_dns_support                   = true [90m-> null[0m[0m
      [31m-[0m[0m enable_network_address_usage_metrics = false [90m-> null[0m[0m
      [31m-[0m[0m id                                   = "vpc-0ca8d5931cd07be6a" [90m-> null[0m[0m
      [31m-[0m[0m instance_tenancy                     = "default" [90m-> null[0m[0m
      [31m-[0m[0m ipv6_netmask_length                  = 0 [90m-> null[0m[0m
      [31m-[0m[0m main_route_table_id                  = "rtb-02507af018092eba5" [90m-> null[0m[0m
      [31m-[0m[0m owner_id                             = "368352028691" [90m-> null[0m[0m
      [31m-[0m[0m tags                                 = {
          [31m-[0m[0m "Name" = "terraform-dr-vpc"
        } [90m-> null[0m[0m
      [31m-[0m[0m tags_all                             = {
          [31m-[0m[0m "Name" = "terraform-dr-vpc"
        } [90m-> null[0m[0m
        [90m# (4 unchanged attributes hidden)[0m[0m
    }

[1m  # module.vpc.null_resource.validate[0m will be [1m[31mdestroyed[0m
[0m  [31m-[0m[0m resource "null_resource" "validate" {
      [31m-[0m[0m id       = "277250300903373517" [90m-> null[0m[0m
      [31m-[0m[0m triggers = {
          [31m-[0m[0m "azs_len"  = "2"
          [31m-[0m[0m "priv_len" = "2"
          [31m-[0m[0m "pub_len"  = "2"
        } [90m-> null[0m[0m
    }

[1mPlan:[0m [0m0 to add, 0 to change, 19 to destroy.
[0m[1mmodule.vpc.null_resource.validate: Destroying... [id=277250300903373517][0m[0m
[0m[1mmodule.vpc.null_resource.validate: Destruction complete after 0s[0m
[0m[1mmodule.vpc.aws_route_table_association.public[1]: Destroying... [id=rtbassoc-0596ebb7c5ae505ac][0m[0m
[0m[1mmodule.vpc.aws_route.private_nat[0]: Destroying... [id=r-rtb-0c48f4a916b6becae1080289494][0m[0m
[0m[1mmodule.vpc.aws_route_table_association.private[0]: Destroying... [id=rtbassoc-07d2f314efd1fef9f][0m[0m
[0m[1mmodule.vpc.aws_route.private_nat[1]: Destroying... [id=r-rtb-09919785fef621bdb1080289494][0m[0m
[0m[1mmodule.vpc.aws_route_table_association.private[1]: Destroying... [id=rtbassoc-0400515faa7aa6214][0m[0m
[0m[1mmodule.vpc.aws_route_table_association.public[0]: Destroying... [id=rtbassoc-0f5b3c01b7a6f62f1][0m[0m
[0m[1mmodule.vpc.aws_route.public_igw: Destroying... [id=r-rtb-0e9c331dfbd013ae71080289494][0m[0m
[0m[1mmodule.vpc.aws_route_table_association.private[1]: Destruction complete after 1s[0m
[0m[1mmodule.vpc.aws_route_table_association.public[0]: Destruction complete after 1s[0m
[0m[1mmodule.vpc.aws_route_table_association.private[0]: Destruction complete after 1s[0m
[0m[1mmodule.vpc.aws_subnet.private[1]: Destroying... [id=subnet-0765346a5467255f8][0m[0m
[0m[1mmodule.vpc.aws_subnet.private[0]: Destroying... [id=subnet-006c0b045120b960a][0m[0m
[0m[1mmodule.vpc.aws_route_table_association.public[1]: Destruction complete after 1s[0m
[0m[1mmodule.vpc.aws_route.private_nat[0]: Destruction complete after 1s[0m
[0m[1mmodule.vpc.aws_route.public_igw: Destruction complete after 1s[0m
[0m[1mmodule.vpc.aws_route_table.public: Destroying... [id=rtb-0e9c331dfbd013ae7][0m[0m
[0m[1mmodule.vpc.aws_route.private_nat[1]: Destruction complete after 1s[0m
[0m[1mmodule.vpc.aws_route_table.private[0]: Destroying... [id=rtb-0c48f4a916b6becae][0m[0m
[0m[1mmodule.vpc.aws_nat_gateway.this[0]: Destroying... [id=nat-08dc88d2c1be36463][0m[0m
[0m[1mmodule.vpc.aws_route_table.private[1]: Destroying... [id=rtb-09919785fef621bdb][0m[0m
[0m[1mmodule.vpc.aws_subnet.private[1]: Destruction complete after 0s[0m
[0m[1mmodule.vpc.aws_subnet.private[0]: Destruction complete after 0s[0m
[0m[1mmodule.vpc.aws_route_table.private[1]: Destruction complete after 0s[0m
[0m[1mmodule.vpc.aws_route_table.private[0]: Destruction complete after 0s[0m
[0m[1mmodule.vpc.aws_route_table.public: Destruction complete after 0s[0m
[0m[1mmodule.vpc.aws_nat_gateway.this[0]: Still destroying... [id=nat-08dc88d2c1be36463, 00m10s elapsed][0m[0m
[0m[1mmodule.vpc.aws_nat_gateway.this[0]: Still destroying... [id=nat-08dc88d2c1be36463, 00m20s elapsed][0m[0m
[0m[1mmodule.vpc.aws_nat_gateway.this[0]: Still destroying... [id=nat-08dc88d2c1be36463, 00m30s elapsed][0m[0m
[0m[1mmodule.vpc.aws_nat_gateway.this[0]: Still destroying... [id=nat-08dc88d2c1be36463, 00m40s elapsed][0m[0m
[0m[1mmodule.vpc.aws_nat_gateway.this[0]: Destruction complete after 40s[0m
[0m[1mmodule.vpc.aws_internet_gateway.this: Destroying... [id=igw-07d9e114abcefc66c][0m[0m
[0m[1mmodule.vpc.aws_subnet.public[1]: Destroying... [id=subnet-027ecb9c5e6430197][0m[0m
[0m[1mmodule.vpc.aws_subnet.public[0]: Destroying... [id=subnet-02aef82ee05f9aa66][0m[0m
[0m[1mmodule.vpc.aws_eip.nat[0]: Destroying... [id=eipalloc-0cab5184f4bf17339][0m[0m
[0m[1mmodule.vpc.aws_subnet.public[0]: Destruction complete after 0s[0m
[0m[1mmodule.vpc.aws_subnet.public[1]: Destruction complete after 1s[0m
[0m[1mmodule.vpc.aws_internet_gateway.this: Destruction complete after 1s[0m
[0m[1mmodule.vpc.aws_vpc.this: Destroying... [id=vpc-0ca8d5931cd07be6a][0m[0m
[0m[1mmodule.vpc.aws_eip.nat[0]: Destruction complete after 1s[0m
[0m[1mmodule.vpc.aws_vpc.this: Destruction complete after 1s[0m
[33m╷[0m[0m
[33m│[0m [0m[1m[33mWarning: [0m[0m[1mValue for undeclared variable[0m
[33m│[0m [0m
[33m│[0m [0m[0mThe root module does not declare a variable named "onprem_public_ip" but a
[33m│[0m [0mvalue was found in file "terraform.tfvars". If you meant to use this value,
[33m│[0m [0madd a "variable" block to the configuration.
[33m│[0m [0m
[33m│[0m [0mTo silence these warnings, use TF_VAR_... environment variables to provide
[33m│[0m [0mcertain "global" settings to all configurations in your organization. To
[33m│[0m [0mreduce the verbosity of these warnings, use the -compact-warnings option.
[33m╵[0m[0m
[33m╷[0m[0m
[33m│[0m [0m[1m[33mWarning: [0m[0m[1mValue for undeclared variable[0m
[33m│[0m [0m
[33m│[0m [0m[0mThe root module does not declare a variable named "onprem_cidr" but a value
[33m│[0m [0mwas found in file "terraform.tfvars". If you meant to use this value, add a
[33m│[0m [0m"variable" block to the configuration.
[33m│[0m [0m
[33m│[0m [0mTo silence these warnings, use TF_VAR_... environment variables to provide
[33m│[0m [0mcertain "global" settings to all configurations in your organization. To
[33m│[0m [0mreduce the verbosity of these warnings, use the -compact-warnings option.
[33m╵[0m[0m
[0m[1m[32m
Destroy complete! Resources: 19 destroyed.[0m
